Running SLURM prolog script on pink58.cluster.local
===============================================================================
Job started on Wed Aug  7 10:08:40 BST 2024
Job ID          : 6409537
Job name        : Equil
WorkDir         : /mainfs/scratch/wp1g16/Grand/T4L99A/FreeEnergies/SolvateEquilComplex/Benzofuran_0
Command         : /mainfs/scratch/wp1g16/Grand/T4L99A/FreeEnergies/SolvateEquilComplex/Benzofuran_0/run_equil_iridis.sh
Partition       : gtx1080
Num hosts       : 1
Num cores       : 6
Num of tasks    : 1
Hosts allocated : pink58
Job Output Follows ...
===============================================================================
=================================== SLURM JOB ===================================

The job will be started on the following node(s):
pink58

Slurm User:         wp1g16
Run Directory:      /scratch/wp1g16/Grand/T4L99A/FreeEnergies/SolvateEquilComplex/Benzofuran_0
Job ID:             _
Job Name:           Equil
Partition:          gtx1080
Number of nodes:    1
Number of tasks:    1
Submitted From:     cyan51.cluster.local:/mainfs/scratch/wp1g16/Grand/T4L99A/FreeEnergies/SolvateEquilComplex/Benzofuran_0
=================================== SLURM JOB ===================================

--- SLURM job-script output ---
Free energy home directory set to /mainfs/scratch/wp1g16/Grand/T4L99A/FreeEnergies/SolvateEquilComplex/Benzofuran_0
1
/scratch/wp1g16/miniconda3/envs/OMM8.0/bin/python: can't open file '/home/wp1g16/gcmc_scripts/FreeEnergy_calculations/solvate_equilibrate.py': [Errno 2] No such file or directory
Job Done
==============================================================================
Running epilogue script on pink58.

Submit time  : 2024-08-07T10:06:25
Start time   : 2024-08-07T10:08:40
End time     : 2024-08-07T10:08:55
Elapsed time : 00:00:15 (Timelimit=06:00:00)

Job ID: 6409537
Cluster: i5
User/Group: wp1g16/eb
State: COMPLETED (exit code 0)
Nodes: 1
Cores per node: 6
CPU Utilized: 00:00:02
CPU Efficiency: 2.22% of 00:01:30 core-walltime
Job Wall-clock time: 00:00:15
Memory Utilized: 2.55 MB
Memory Efficiency: 0.00% of 16.00 B

