Running SLURM prolog script on pink56.cluster.local
===============================================================================
Job started on Thu Aug  8 11:08:05 BST 2024
Job ID          : 6409977
Job name        : Equil
WorkDir         : /mainfs/scratch/wp1g16/Grand/T4L99A/FreeEnergies/SolvateEquilComplex/Benzofuran_0
Command         : /mainfs/scratch/wp1g16/Grand/T4L99A/FreeEnergies/SolvateEquilComplex/Benzofuran_0/run_equil_iridis.sh
Partition       : gtx1080
Num hosts       : 1
Num cores       : 6
Num of tasks    : 1
Hosts allocated : pink56
Job Output Follows ...
===============================================================================
=================================== SLURM JOB ===================================

The job will be started on the following node(s):
pink56

Slurm User:         wp1g16
Run Directory:      /scratch/wp1g16/Grand/T4L99A/FreeEnergies/SolvateEquilComplex/Benzofuran_0
Job ID:             _
Job Name:           Equil
Partition:          gtx1080
Number of nodes:    1
Number of tasks:    1
Submitted From:     cyan51.cluster.local:/mainfs/scratch/wp1g16/Grand/T4L99A/FreeEnergies/SolvateEquilComplex/Benzofuran_0
=================================== SLURM JOB ===================================

--- SLURM job-script output ---
Free energy home directory set to /mainfs/scratch/wp1g16/Grand/T4L99A/FreeEnergies/SolvateEquilComplex/Benzofuran_0
1
0.559 [81.825, 137.742] [-69.511, 51.32, -131.852]
Adding Boresch restraints..
raA0 = 0.559 nm between atoms <Atom 2647 (C5) of chain 1 residue 166 (L02)> and <Atom 1564 (N) of chain 0 residue 99 (ALA)>
theta_A0 = 81.825 deg between [<Atom 2648 (C6) of chain 1 residue 166 (L02)>, <Atom 2647 (C5) of chain 1 residue 166 (L02)>, <Atom 1564 (N) of chain 0 residue 99 (ALA)>]
theta_B0 = 137.742 deg between [<Atom 2647 (C5) of chain 1 residue 166 (L02)>, <Atom 1564 (N) of chain 0 residue 99 (ALA)>, <Atom 1556 (C) of chain 0 residue 98 (ALA)>]
phi_A0 = -1.2131958163537784 rad between [<Atom 2649 (C7) of chain 1 residue 166 (L02)>, <Atom 2648 (C6) of chain 1 residue 166 (L02)>, <Atom 2647 (C5) of chain 1 residue 166 (L02)>, <Atom 1564 (N) of chain 0 residue 99 (ALA)>]
phi_B0 = 0.8957029721234899 rad between [<Atom 2648 (C6) of chain 1 residue 166 (L02)>, <Atom 2647 (C5) of chain 1 residue 166 (L02)>, <Atom 1564 (N) of chain 0 residue 99 (ALA)>, <Atom 1556 (C) of chain 0 residue 98 (ALA)>]
phi_C0 = -2.3012515253395636 rad between [<Atom 2647 (C5) of chain 1 residue 166 (L02)>, <Atom 1564 (N) of chain 0 residue 99 (ALA)>, <Atom 1556 (C) of chain 0 residue 98 (ALA)>, <Atom 1555 (CA) of chain 0 residue 98 (ALA)>]
K_r = 10 kcal/(A**2 mol)
K_thetaA = 10 kcal/(mol rad**2)
K_thetaB = 10 kcal/(mol rad**2)
K_phiA = 10 kcal/(mol rad**2)
K_phiB = 10 kcal/(mol rad**2)
K_phiC = 10 kcal/(mol rad**2)
r_aA0 = 0.559 nm
theta_A0 = 1.4281156604443601 rad
theta_B0 = 2.4040514182820294 rad
phi_A0 = -1.2131958163537784 rad
phi_B0 = 0.8957029721234899 rad
phi_C0 = -2.3012515253395636 rad
Running on CUDA platform.
Minimizing energy
Running NVT
Heating...
#"Step","Potential Energy (kJ/mole)","Temperature (K)","Box Volume (nm^3)","Time Remaining"
1000,-728080.9573897664,8.599275554473214,450.40446844901965,--
2000,-726263.1710000834,19.168708308740015,450.40446844901965,10:41
3000,-723549.7215032259,30.724171305495243,450.40446844901965,10:40
4000,-720427.7218686067,42.31005701326771,450.40446844901965,10:40
5000,-717302.1630852416,53.66128571668378,450.40446844901965,10:39
6000,-713970.101032933,65.5389409161784,450.40446844901965,10:39
7000,-710562.6295838291,77.83646461030777,450.40446844901965,10:40
8000,-707092.7533648801,89.12983184912395,450.40446844901965,10:39
9000,-704135.6882357635,100.73865648846491,450.40446844901965,10:38
10000,-700113.74746184,112.23057427433146,450.40446844901965,10:38
11000,-696260.2547231673,124.67475447759598,450.40446844901965,10:38
12000,-692226.7342904867,135.0734453080744,450.40446844901965,10:37
13000,-688298.1932124952,148.21874220458298,450.40446844901965,10:37
14000,-683146.1279463004,158.42639473187882,450.40446844901965,10:36
15000,-678125.6489061224,170.68883961979043,450.40446844901965,10:36
16000,-672363.5365787814,182.09500350382794,450.40446844901965,10:35
17000,-667181.0359986091,193.96068377158875,450.40446844901965,10:35
18000,-660537.0545129364,205.73444804904273,450.40446844901965,10:34
19000,-652862.2243865528,213.98786883007432,450.40446844901965,10:33
20000,-645178.9685693819,225.99380157465058,450.40446844901965,10:33
21000,-635548.745696872,238.30048708129817,450.40446844901965,10:32
22000,-624001.9938601181,250.09661132388945,450.40446844901965,10:31
23000,-614421.2806462697,261.9541178070454,450.40446844901965,10:30
24000,-603672.8912851634,273.7207133389336,450.40446844901965,10:30
25000,-594048.2225711215,288.94312695785857,450.40446844901965,10:29
26000,-588194.1953632887,294.8992304918702,450.40446844901965,10:28
27000,-586929.2581294593,296.8252905992901,450.40446844901965,10:27
28000,-586451.5349006169,296.5366360678009,450.40446844901965,10:26
29000,-586835.3951135688,295.7723974904893,450.40446844901965,10:25
30000,-586778.5671932045,296.2493571085659,450.40446844901965,10:24
31000,-587723.4229901833,294.57658279339984,450.40446844901965,10:23
32000,-587770.7292088035,293.8752665992058,450.40446844901965,10:22
33000,-587407.957323804,294.4734724244489,450.40446844901965,10:21
34000,-588390.2977208362,298.0311168923149,450.40446844901965,10:20
35000,-588323.2589790304,294.0833739163047,450.40446844901965,10:19
36000,-587209.2606926411,295.3502593587801,450.40446844901965,10:18
37000,-587208.1839047335,293.9587427728015,450.40446844901965,10:17
38000,-586924.0407068906,293.4108876527576,450.40446844901965,10:16
39000,-586792.71265548,294.4270840848713,450.40446844901965,10:15
40000,-586697.132440835,300.77117815774955,450.40446844901965,10:13
41000,-586167.2753839283,295.4457869480841,450.40446844901965,10:12
42000,-587584.7824070752,295.00333776834964,450.40446844901965,10:11
43000,-587191.6589603098,295.34106614094077,450.40446844901965,10:10
44000,-587066.48804224,295.88016910585526,450.40446844901965,10:09
45000,-588162.8916629688,295.9984616443477,450.40446844901965,10:08
46000,-586094.8577590385,295.0728558748717,450.40446844901965,10:06
47000,-587899.1151083885,295.3521883218177,450.40446844901965,10:05
48000,-586418.903244646,296.0600925157449,450.40446844901965,10:04
49000,-587609.6843651105,295.1586053809928,450.40446844901965,10:03
50000,-586575.5341676867,295.6221913544318,450.40446844901965,10:02
51000,-587189.2470644149,295.7082751198878,450.40446844901965,10:01
52000,-587402.8354833971,295.48791673069053,450.40446844901965,10:00
53000,-586445.1911736294,297.3125856883956,450.40446844901965,9:58
54000,-586882.5183985035,296.3903503088479,450.40446844901965,9:57
55000,-586566.9948133682,295.90943704046543,450.40446844901965,9:56
56000,-586984.6704209859,295.3485572642263,450.40446844901965,9:55
57000,-586559.4583238112,294.5216212326563,450.40446844901965,9:54
58000,-587841.2839888087,295.60308245850786,450.40446844901965,9:53
59000,-587932.4497578812,297.0243278422026,450.40446844901965,9:51
60000,-587563.0369949697,296.14812154303337,450.40446844901965,9:50
61000,-586987.4032489257,292.818963766153,450.40446844901965,9:49
62000,-587036.948265654,292.85173626762514,450.40446844901965,9:48
63000,-587617.0623318045,296.51413753155543,450.40446844901965,9:47
64000,-587964.3254999474,293.5204489725161,450.40446844901965,9:45
65000,-587445.5978364903,293.2408336001509,450.40446844901965,9:44
66000,-586670.0061386479,294.6040117608597,450.40446844901965,9:43
67000,-586889.6009572027,294.88908142890597,450.40446844901965,9:42
68000,-587508.6804737183,291.9215098532566,450.40446844901965,9:41
69000,-587656.4744958645,297.59594581844186,450.40446844901965,9:39
70000,-587177.71774917,296.33695249533594,450.40446844901965,9:38
71000,-586872.3610292342,295.91060225095544,450.40446844901965,9:37
72000,-587900.4608118786,297.7352160408266,450.40446844901965,9:36
73000,-587422.3504002162,295.4241599035862,450.40446844901965,9:34
74000,-588547.8722938972,295.36400210695297,450.40446844901965,9:33
75000,-588765.73931149,296.4018811136593,450.40446844901965,9:32
76000,-587223.7296424604,293.6963449984841,450.40446844901965,9:31
77000,-588347.258969168,294.5971456117347,450.40446844901965,9:29
78000,-587601.5506793824,295.26593565254325,450.40446844901965,9:28
79000,-587535.0398083273,296.15299988691606,450.40446844901965,9:27
80000,-586917.5970499956,297.1772453022951,450.40446844901965,9:26
81000,-588025.1423394312,294.64594175920087,450.40446844901965,9:24
82000,-587120.2516138465,295.31211259398077,450.40446844901965,9:23
83000,-586845.1823129528,298.46558261275896,450.40446844901965,9:22
84000,-587494.0287377716,296.29080379687133,450.40446844901965,9:20
85000,-586634.3927598984,293.58996758210316,450.40446844901965,9:19
86000,-586537.7916317596,295.71496203300603,450.40446844901965,9:18
87000,-588157.0449427138,294.4437685235782,450.40446844901965,9:17
88000,-586995.3126769015,295.6570123803249,450.40446844901965,9:15
89000,-587582.3749448995,298.58851117904254,450.40446844901965,9:14
90000,-586889.3454634768,297.08896421456075,450.40446844901965,9:13
91000,-587264.3840069533,296.6207905739798,450.40446844901965,9:12
92000,-587547.7056601837,294.40997536227906,450.40446844901965,9:10
93000,-586718.7282723773,292.76356717590375,450.40446844901965,9:09
94000,-587540.9639997212,295.6233263817562,450.40446844901965,9:08
95000,-587120.6656091507,295.2780843197172,450.40446844901965,9:06
96000,-586027.000282485,292.8431554908802,450.40446844901965,9:05
97000,-587314.2934382888,297.3640228378846,450.40446844901965,9:04
98000,-587165.5754243806,294.6623155336433,450.40446844901965,9:03
99000,-586871.8004162302,297.0395173183689,450.40446844901965,9:01
100000,-587272.0187890362,295.72372425347186,450.40446844901965,9:00
Running NPT
101000,-591554.90361667,296.7210114233175,434.8523461687192,9:08
102000,-592260.9300572877,294.917331931278,432.9535230341538,9:08
103000,-591940.7489649644,294.5001085818028,430.49433485408935,9:07
104000,-593492.4140562536,296.9085084547974,429.1512354292543,9:06
105000,-593609.4890333517,295.41470021417246,430.85907258208874,9:07
106000,-592228.9110205069,296.1785534043748,429.79159673042415,9:06
107000,-592847.5243197931,297.6282681065343,430.357718958413,9:05
108000,-593169.062112368,297.10233063764537,430.03559022442334,9:04
109000,-592315.3923143037,293.7968765537773,430.5494608225777,9:04
110000,-592954.1517853737,298.1515970135294,429.3499880538832,9:03
111000,-592023.8369118487,294.45328247560957,430.68815428206693,9:03
112000,-591609.9060700249,295.00929091077245,430.9520027952919,9:02
113000,-592465.9359250315,298.71713313671785,429.6005957628393,9:01
114000,-591246.7034423687,296.5950948547384,432.7473721690874,9:00
115000,-593463.8002403709,298.0538047136564,429.6832054789923,9:00
116000,-593330.331653795,296.6800633710224,429.017887547886,8:59
117000,-591411.3381456146,296.09235035884404,430.8289695863368,8:58
118000,-591277.1904709134,295.47305468762585,432.1123320207807,8:57
119000,-592241.6316341553,295.62154147488013,430.61243062772036,8:56
120000,-593051.3100994977,294.45833146924804,431.08599272731993,8:56
121000,-592896.8166178786,294.04581870988073,429.3745855624407,8:55
122000,-592300.4096883079,293.7169663317384,430.8514187410335,8:54
123000,-592837.3480446581,297.1132068064128,429.9897016982084,8:53
124000,-593024.7836043481,295.22949689842653,430.9530995481612,8:52
125000,-593572.165757935,295.40583307070585,430.37858812645504,8:52
126000,-592755.3512173556,296.95144797601114,431.84948435938037,8:51
127000,-593229.1851983666,295.6786729939415,430.59865735505235,8:50
128000,-592665.2727586974,295.56718523105343,431.513332454321,8:49
129000,-592468.4223765964,294.5150570049215,432.82817580523044,8:48
130000,-592802.7639765989,296.20242355510476,430.8723885074112,8:48
131000,-593181.6454183143,296.2472438652032,430.197888401804,8:46
132000,-591885.7069539882,296.222516433632,430.6529547131947,8:45
133000,-590954.1183054596,295.221772076396,431.54104468484593,8:44
134000,-592542.3833867908,297.50950886608615,429.71637501330355,8:43
135000,-593345.0648087186,297.6373435461788,430.8507528320845,8:43
136000,-593828.0112694213,297.43317678505105,430.71756723066926,8:42
137000,-592962.694493683,297.58591950900774,430.2260531918167,8:41
138000,-593921.1417142232,295.45610427013025,429.7536628488931,8:39
139000,-593287.7417666551,297.7563397276028,429.64303096923027,8:38
140000,-593478.9889574575,293.65398481456964,428.16331552103526,8:38
141000,-593797.7396784322,295.50374493244635,429.4043105795995,8:36
142000,-593186.5382541697,298.12755883406845,429.34555711235146,8:35
143000,-593752.1617423999,297.24184610612883,432.2119058359094,8:34
144000,-592725.91986633,296.2747806527286,431.7083122810339,8:33
145000,-593490.4546442698,295.27249971285227,431.3821527500721,8:32
146000,-592230.2750931846,297.12253384490424,430.6641461568199,8:31
147000,-594261.2540550488,298.6860675252647,430.29665617689255,8:30
148000,-593167.2483246736,296.4474228804078,430.8550840130129,8:29
149000,-592197.7271267404,294.21238324303124,430.3416137114366,8:28
150000,-593981.6161401654,296.9301116102455,431.7338114242102,8:27
151000,-593142.4951695101,295.10627770651354,432.02265023774436,8:26
152000,-592676.5749615224,296.43395921615246,431.87414411814456,8:25
153000,-593113.4328277998,295.14348389516687,430.1063298085254,8:23
154000,-592041.3149828436,294.53258762066946,430.8344794101711,8:22
155000,-593110.0542458596,295.5733222247329,428.588945389287,8:22
156000,-594069.2782562738,294.79702782897584,429.64063820185584,8:20
157000,-593957.5461609047,293.1173428743332,429.3402307820057,8:19
158000,-592441.2193566589,295.7979733954178,430.74730493835585,8:18
159000,-592400.9784621147,297.13525869807535,430.431923367421,8:17
160000,-591374.3446478778,295.0673642334097,430.6131554569664,8:16
161000,-592726.8722157651,296.8596312057202,430.5849381040469,8:14
162000,-593087.653908055,294.6753824083891,430.3610357018435,8:13
163000,-591975.2326513764,293.02885449239443,430.6902574557471,8:12
164000,-593117.2476098817,296.7493307341571,430.028991782461,8:11
165000,-593517.4030504567,295.9729369046006,428.56513736988074,8:10
166000,-593249.612934245,295.7666574270149,429.24762459850746,8:09
167000,-592255.0280190185,295.18418399386604,430.4442401357953,8:07
168000,-592081.4490633372,295.19985109332544,431.21000095341117,8:06
169000,-592458.0624002418,296.0514663657012,429.3580678515422,8:05
170000,-593919.0035936285,295.9129945240119,429.40034722176995,8:04
171000,-592571.5175764109,295.20407793670654,429.6644916796129,8:03
172000,-593677.0303509627,297.0870698123606,430.53366223285735,8:01
173000,-594257.6100264948,293.3131923650383,429.9869484791431,8:00
174000,-593880.2650579074,294.5217444683325,430.32428515323613,7:59
175000,-594023.3049557016,297.0364242573234,430.80366835116087,7:58
176000,-593131.4405118097,295.9643227263328,429.1929975284685,7:57
177000,-592348.9497978282,295.48108900836866,429.94345559819305,7:55
178000,-592216.3225366683,294.83958877096114,429.67552719812477,7:54
179000,-593249.3331938931,295.66725586345353,430.55600130326593,7:53
180000,-593202.5500261125,294.75133398882593,430.5197644913102,7:52
181000,-591879.2983675711,293.9428747973727,431.26215153612463,7:50
182000,-592553.0370702292,294.28619152751554,429.5987625996268,7:49
183000,-593736.1442741537,295.74025646232036,430.8007744284955,7:48
184000,-593263.0485080217,296.1700713102872,429.18933453842095,7:46
185000,-592627.330136098,298.9642976454529,430.6214709859583,7:45
186000,-592571.1917939074,295.7934308300639,430.1690573292619,7:44
187000,-592787.095081727,293.03116484399004,431.95386410677156,7:43
188000,-592443.291150501,294.57909973824223,429.8925148291792,7:41
189000,-593911.6541466946,297.89538529677014,429.9297475328675,7:40
190000,-592902.1257029953,297.75886959626,430.2357953545785,7:39
191000,-591928.3878747826,296.49516698410366,431.84643585068187,7:38
192000,-593604.3748771213,300.1035296592967,429.18876251138704,7:36
193000,-592831.410928125,297.66584668815017,429.59796880698696,7:35
194000,-593456.5965805505,295.8609041285767,429.11412188111314,7:33
195000,-592829.4425702465,295.85020799620764,429.95582030172534,7:33
196000,-593675.6545149849,296.05394392310075,429.93840922194994,7:31
197000,-593314.0918905856,295.24462458533054,430.57353255489954,7:30
198000,-592935.2291895153,292.6780834225071,429.8968378939604,7:28
199000,-594886.2264739608,297.260703480377,429.01730053626443,7:27
200000,-593368.4753944511,293.5358744522048,428.9859255768766,7:26
201000,-592733.680329355,293.95078379539103,430.5122727281825,7:25
202000,-592425.9251272476,296.49097858846204,431.0688809576512,7:23
203000,-594216.7518397279,296.95494497888006,430.30717397952225,7:22
204000,-593350.5492469524,297.4981325955508,431.71234791114625,7:21
205000,-592480.8511297661,296.6303417311317,430.6492140136919,7:20
206000,-592662.0155021651,294.66127578850495,430.31536584502186,7:18
207000,-593466.3919177619,294.0638237073721,429.88738085078603,7:17
208000,-593568.9980530129,293.9876229042511,430.07893028941356,7:15
209000,-592636.4044573484,298.22695424795364,429.7967255150324,7:14
210000,-592522.145297467,296.4772962901409,430.8305477584416,7:13
211000,-592480.9642478391,296.2358131841894,430.3623320681001,7:11
212000,-593420.525851327,296.4013293281269,429.0815683993021,7:10
213000,-593961.4034231333,292.3507418567954,430.71215505693164,7:08
214000,-594949.0388522255,295.16634243011794,427.9735696896512,7:07
215000,-594488.9295042758,294.5707182277915,429.2991364031854,7:06
216000,-593280.6225386723,295.8181268819314,429.6947419627687,7:05
217000,-592939.3397600665,294.7589149701218,430.0306654221881,7:03
218000,-592997.2986257891,295.52371258974773,429.7105712486183,7:02
219000,-593168.0599240614,295.38264180290025,429.0667491132261,7:00
220000,-594266.5630710009,296.8770221268039,430.8524498240307,6:59
221000,-593719.3868737307,297.6234928427013,428.6093068505802,6:58
222000,-591404.7724778205,293.0571786021011,429.6943324923637,6:56
223000,-592470.1615705856,295.97751092106625,429.8597794881031,6:55
224000,-592595.6687870449,295.4427386945123,429.3326777778321,6:53
225000,-592573.6866874048,295.5813332970392,430.9612135052819,6:52
226000,-593905.2198895798,295.43475907797153,430.26463042818733,6:51
227000,-593500.3314469843,294.0428249598618,428.4380539521556,6:49
228000,-592252.3005521304,294.9157820973262,430.32003063379034,6:48
229000,-594341.1717646252,297.02313551839256,430.14855559132315,6:46
230000,-592610.735241211,296.2098117971121,430.41033784934956,6:45
231000,-593606.9882444297,297.5737930347724,429.17855839698626,6:44
232000,-593105.5551952822,295.56730988098343,428.8403803185425,6:42
233000,-593356.3023573053,296.6378664743659,428.6739781694859,6:41
234000,-593797.032687461,296.57358318303505,430.5834989293476,6:40
235000,-592242.2855353346,297.30372950743816,431.01925346561933,6:39
236000,-592132.3593169819,295.7734463684237,431.5591838186574,6:37
237000,-593091.7293845546,294.5784085613911,430.81844850070115,6:36
238000,-591999.841794454,296.11326781040924,429.92312162198937,6:34
239000,-592476.3632590862,295.06354737002425,430.56093873295373,6:33
240000,-592226.4394161645,297.4933682671952,430.14091228743456,6:32
241000,-593204.0771085192,298.16714641966536,428.46696486164547,6:30
242000,-591683.8539189715,296.62518240352665,432.2276899472413,6:29
243000,-592151.920100424,295.8757287219266,431.3086856150169,6:27
244000,-592739.9178546655,293.93552564620893,431.4756021104272,6:26
245000,-593392.6198661441,295.40560178137446,430.11946754411997,6:25
246000,-591841.340900565,293.84036747052227,430.12477554137007,6:23
247000,-593434.6395575171,298.7689960851828,431.5515827184089,6:22
248000,-593611.1281211674,296.43701234877085,429.3326900284683,6:20
249000,-594114.0505488778,295.6189179413225,429.5092671232831,6:19
250000,-592523.834173807,295.81904741328134,429.5851153580988,6:18
251000,-592988.2506165176,296.3424138575586,430.5726250990065,6:16
252000,-592650.4757751706,296.78201211649485,430.00184613936494,6:15
253000,-593545.5519508547,298.07641653030936,429.18630959703285,6:13
254000,-593109.6458824417,295.7945189691653,430.5428666930025,6:12
255000,-590954.0984872794,296.62061102643935,433.1226203727582,6:10
256000,-591524.2246373333,296.05553737823345,431.91084369279287,6:09
257000,-592786.3970344178,295.0735220090966,431.26618137002794,6:07
258000,-592596.5987042261,294.09618151078996,430.20333015254283,6:06
259000,-593396.6918437066,296.71734743813505,430.7212408735161,6:04
260000,-594319.293347664,295.32495064249827,431.1662132259543,6:03
261000,-594019.410673508,297.87553070623534,431.95552062229444,6:02
262000,-592449.7206090614,297.11767200956166,431.2954204461355,6:00
263000,-593337.5044849396,297.2545428583427,430.5097018276784,5:59
264000,-592724.6163170077,293.76991636644567,431.919261750301,5:57
265000,-592777.4138757447,297.72711667364865,431.128792708304,5:56
266000,-592854.9232486738,296.6181722583074,428.3996401966736,5:55
267000,-593318.3098692473,296.6447852677722,430.97400773144795,5:53
268000,-592679.41307875,295.9583863841356,430.26503664954765,5:52
269000,-593906.9037068561,293.665523681564,429.18947175928344,5:50
270000,-593350.2485527524,294.29851943104745,429.93888049863057,5:49
271000,-590590.6112563168,294.6819290288211,431.51391674493175,5:47
272000,-592998.0384709844,297.089626814242,431.90196016452035,5:46
273000,-592114.6317688944,296.7930478810351,431.0552210975659,5:44
274000,-593403.2932785233,296.1273861782733,430.118070588426,5:43
275000,-593611.9612329397,295.96239772404425,429.0491917260988,5:42
276000,-592451.0971670481,296.3186421785917,429.3619048895598,5:40
277000,-592297.9514362987,297.4652014412042,429.19336328957934,5:39
278000,-593629.4206395159,296.40640051342797,429.5420491809242,5:37
279000,-593330.4418296041,294.2568633728944,430.53560435960986,5:36
280000,-593102.440944518,294.08103288018475,431.8038695358111,5:34
281000,-593151.9323726115,295.33981448391205,429.5014857664633,5:33
282000,-592466.4516080006,295.2433789840475,431.64794593074583,5:31
283000,-592940.6491982951,296.92259110717777,431.8859360393948,5:30
284000,-592218.1961818531,293.04535425400104,432.3396989794308,5:28
285000,-594012.6836796298,297.81314871690677,430.88482725491934,5:27
286000,-594109.0800374968,294.07179462850985,431.4934883919387,5:25
287000,-593939.8693679655,294.01325359213365,429.5617738364113,5:24
288000,-593174.1471632007,294.45410750308787,430.8193948772307,5:22
289000,-593093.5307642748,295.78190793230374,430.1038843917274,5:21
290000,-592529.2837123421,294.58148819198465,428.82972344654763,5:20
291000,-592758.0125649706,294.4001710741868,430.2334438350543,5:18
292000,-593540.0907381047,296.56323511760667,430.1437701794885,5:17
293000,-592223.3253599345,295.98901398888444,431.51753053109246,5:15
294000,-592961.8557439677,293.5271985738535,430.42615325761983,5:14
295000,-592846.9410297421,294.83216884131275,431.4049069221417,5:12
296000,-593644.3017549203,295.6642971618957,429.87796507567907,5:11
297000,-593085.8635722909,295.5082323024711,431.90216568651437,5:09
298000,-592561.3952629969,294.9704925280383,430.97331339455997,5:08
299000,-593860.1747183565,296.7856557516349,430.9230957243395,5:06
300000,-593146.6770822571,297.1200608920372,430.7585545632049,5:05
301000,-593408.0581730097,293.764722489801,431.8911003112231,5:03
302000,-592019.6402081256,292.69512909228166,433.00717651153263,5:02
303000,-592102.0595236726,297.0468486688189,431.32782919821784,5:00
304000,-593359.4160800637,294.95297001698196,429.5667908717776,4:59
305000,-591991.1123783723,294.08669304088863,430.70948745080557,4:58
306000,-593162.6603081075,297.28314743959436,430.1788162652861,4:56
307000,-592791.6410558156,296.0368866397859,429.5149851577851,4:55
308000,-590682.8374333926,292.7676445721085,431.2908959865747,4:53
309000,-593020.471483114,295.34679805636154,430.6683001660767,4:52
310000,-593408.4740173528,297.4578816734017,429.7933920015755,4:50
311000,-593024.8022102397,294.24692389177716,430.03961363705474,4:49
312000,-594052.9516345139,295.7386805498007,428.771753022918,4:47
313000,-592628.683315695,299.17143128036304,430.8474801488967,4:46
314000,-592251.0803259655,298.1552741805611,429.7963753546863,4:44
315000,-592741.0679378724,294.35129332489504,429.742206798832,4:43
316000,-592951.1119196843,298.0798372274679,431.49289558330014,4:41
317000,-592505.9249956936,296.43309311776176,431.6495866740814,4:40
318000,-593255.9843836497,298.81284288164306,431.1941956998349,4:38
319000,-593167.8068217738,296.46861221674726,432.25728912329356,4:37
320000,-593208.5812370568,295.59170353842956,431.8101916260855,4:35
321000,-592345.2388642095,296.32991434464816,429.9010275707575,4:34
322000,-592830.6579156683,296.7608872515439,430.4432804695593,4:32
323000,-594264.3793382356,297.6651508119433,430.80343817992394,4:31
324000,-593750.1674707532,297.84375431238357,428.5803223984706,4:29
325000,-593260.0756560573,295.5144582598328,428.1335229458736,4:28
326000,-592324.792802881,295.7748030891814,429.896398721227,4:26
327000,-592273.1557082417,294.2519705815057,429.5979976141764,4:25
328000,-592559.642852847,295.3295173633163,431.04975882560217,4:23
329000,-592468.3959059801,293.44993914481176,431.9901546654611,4:22
330000,-592949.6869429636,295.26673756043124,431.3155523281015,4:20
331000,-592310.1807983518,296.20055319831806,428.3883903470356,4:19
332000,-591400.4795559547,296.5883009504681,430.48497094164685,4:17
333000,-591857.7363860724,296.5895959521961,431.1195866681137,4:16
334000,-592849.1558343798,295.6639050126586,430.94426933643524,4:14
335000,-593292.4788389916,296.1246852287045,429.1453877370764,4:13
336000,-592393.1250009248,294.0382689264841,430.2563447559818,4:11
337000,-592203.7823930832,295.43036773257177,430.03210011712315,4:10
338000,-592495.429001898,295.34005629677705,430.4135635200294,4:08
339000,-593172.8337038099,295.4232937250564,428.45138899413814,4:07
340000,-593469.2223644829,296.0144405990458,429.16525990638434,4:05
341000,-593048.6305085127,298.46712829162965,429.32267714851076,4:04
342000,-593058.3755808773,296.4670345427748,429.32986650855133,4:02
343000,-593925.9449038743,297.9664783957748,430.33004914743503,4:01
344000,-593038.0339521179,295.5179996501266,430.6163100513226,3:59
345000,-591778.5685803592,294.1276406948297,429.6453336867636,3:58
346000,-592066.3118208582,293.9387318594789,430.04480884436697,3:56
347000,-593755.3790881799,293.3112280029513,429.87241841907746,3:55
348000,-592808.3572020053,296.00712677218496,428.84612229960425,3:53
349000,-593440.1850319037,300.1959687212476,428.8830332700769,3:52
350000,-592242.7838385247,296.2366488938147,429.14706593743705,3:50
351000,-594313.747212841,295.8987677372205,429.73354084992616,3:49
352000,-593412.9679903379,297.50134772545516,430.43695372081163,3:47
353000,-593886.2745666108,297.2100464789462,430.0644544408037,3:46
354000,-593295.6642513634,297.8397436856359,429.12722628123595,3:44
355000,-593916.9766352735,297.1155766668836,431.3841001555194,3:43
356000,-594305.1535938489,294.9731369997596,429.4538270509644,3:41
357000,-592782.5164450391,292.23188963443744,430.21301153194,3:40
358000,-594250.8545046407,294.6141026755877,429.65725525449665,3:38
359000,-594257.2035686187,294.0708790280075,428.84063348863805,3:37
360000,-591069.0684523284,294.7601475754106,430.60619898918867,3:35
361000,-591485.778194098,294.08639811772514,431.7800158243662,3:34
362000,-592749.8511525667,296.51340194104256,430.5528865109537,3:32
363000,-593422.8761042671,294.9876797146882,429.88973772016567,3:30
364000,-592268.4478274691,295.6217294173094,431.34468849887463,3:29
365000,-592880.5782734498,294.4128498680735,430.62199549508796,3:28
366000,-592929.5231040795,296.7379148136368,429.04795812999805,3:26
367000,-592521.0639748487,297.55102551933845,431.9604949931084,3:24
368000,-593016.8480414073,296.4123748368597,430.5092079160342,3:23
369000,-593395.2712113028,295.0595224675287,429.5810352885103,3:21
370000,-593751.9689388932,294.97592063245554,429.0900265240725,3:20
371000,-592845.7739362665,293.20134674750244,429.63444975510254,3:18
372000,-592905.4454147015,295.77513935795315,430.2942779558406,3:17
373000,-592859.0102101197,296.9679391237538,430.44389483446594,3:15
374000,-592827.1408122792,296.46980612241185,428.7033187770851,3:14
375000,-592054.7854275755,294.46950943592987,429.0270773760072,3:12
376000,-592933.0719035249,292.12929134175863,429.56874262518244,3:11
377000,-593228.6623302025,296.26133995236347,430.35905028628713,3:09
378000,-593528.4448670275,294.29943242941414,430.14974231642105,3:08
379000,-593195.2358601266,296.76904432829787,430.5393523181231,3:06
380000,-593548.6199919409,294.5767633480179,430.8674004255988,3:05
381000,-593690.4354672795,296.83394453554905,431.70930508140896,3:03
382000,-592977.3995756437,297.10886230998324,430.87367935563094,3:02
383000,-593708.0812998924,293.7784534499992,427.78747688689185,3:00
384000,-593282.5377484718,295.30341091042084,430.2838266462644,2:59
385000,-593669.5261042935,293.90246390517757,429.68479576831425,2:57
386000,-593484.0609154468,292.3347906979375,429.7221007572192,2:56
387000,-593647.4799463206,295.24948030689427,429.82748150117726,2:54
388000,-594183.1740525821,296.29899572332135,429.5538295243091,2:52
389000,-593009.5927385492,293.24790091559527,430.34182414501095,2:51
390000,-593567.6000958213,296.0319220267954,429.54890948971473,2:49
391000,-592603.7715867204,291.83298304392287,429.59134320662463,2:48
392000,-592630.4179110616,296.3763178542821,430.68109717390496,2:46
393000,-592662.0223417231,294.9266495078983,430.9065410682753,2:45
394000,-592471.9769874034,293.7257424656046,432.3174532693755,2:43
395000,-593833.4396945876,294.82537146970304,429.1709320240467,2:42
396000,-593357.2496224847,295.1114529107773,430.38597386216264,2:40
397000,-593146.7313499791,294.1863109241118,428.8313176229165,2:39
398000,-592391.0224573833,295.25756517008335,430.8194086496962,2:37
399000,-591076.4820295533,294.4421883596875,430.7652823371048,2:36
400000,-593246.2663539576,297.39977215646985,430.3691687036543,2:34
401000,-591282.3481614236,293.8725016618524,431.0861203918836,2:33
402000,-592902.0332933757,294.24969801574406,428.5873361135167,2:31
403000,-593076.0995117244,293.43614801567253,429.2642185051297,2:30
404000,-594061.9040234331,294.2345452593704,429.88189486839036,2:28
405000,-592476.3700611833,296.626204027158,430.59995472643385,2:26
406000,-594182.5124191423,297.31351245351635,430.7814040063982,2:25
407000,-592753.9323518455,294.28320264971876,431.50965035167343,2:23
408000,-591766.7996700108,295.11928579539864,430.87022060106,2:22
409000,-592861.911995736,297.3187304385902,431.0409417491423,2:20
410000,-593023.3891309861,296.5036632459897,430.7669408709503,2:19
411000,-592588.9255537512,295.9088213296358,429.3754553429894,2:17
412000,-593904.5876761884,296.55996686434315,430.38416386275935,2:16
413000,-592972.4433390824,297.03621659040545,429.3560668028836,2:14
414000,-592771.1585850627,296.0443994982419,429.6608569274889,2:13
415000,-592516.4070287575,295.17572646091776,429.92440843356565,2:11
416000,-592213.7354900658,295.8427114820133,430.0487230015455,2:10
417000,-592378.1505914484,294.4843613233393,429.13873476968286,2:08
418000,-591695.3175207353,298.8819474436955,429.5870738133739,2:07
419000,-591931.5883301862,295.2466143966829,431.5949570358575,2:05
420000,-593295.9199411592,293.63219683619764,431.73768774189443,2:03
421000,-593111.3086025934,293.8167258699585,430.63178163560684,2:02
422000,-592686.9186800057,294.2938245950075,430.3000517367955,2:00
423000,-593316.6412690151,296.2200132112569,430.2878781350864,1:59
424000,-591891.661910045,297.11787191016697,430.7606757052948,1:57
425000,-591549.5627653259,296.3303920618482,431.92872683038246,1:56
426000,-591650.945566691,296.83448912388116,431.6173462109606,1:54
427000,-592664.2238766933,295.6255575085062,431.49796088697906,1:53
428000,-592969.4223813638,296.3558309685341,429.97446075174787,1:51
429000,-592425.9902306213,294.66421791356134,430.6920363215637,1:50
430000,-593487.5657225316,293.80468622267284,431.2479267050518,1:48
431000,-592824.7350020418,296.75033279508824,430.53032452588553,1:47
432000,-593914.7879781569,294.31083235465354,430.37576695154564,1:45
433000,-591834.8547363677,296.19081434309317,431.02269632510183,1:43
434000,-592085.5634020171,295.7018426485606,430.90137069053804,1:42
435000,-592153.7972634546,296.3956379175942,430.74530271557774,1:40
436000,-592247.9572984318,298.62864294829325,430.824118319457,1:39
437000,-591514.520806639,295.1062495668365,431.43280892511694,1:37
438000,-592713.1303038232,296.00117927386515,431.592472813247,1:36
439000,-592007.1853527962,297.2994159183984,430.44969890885676,1:34
440000,-593897.8331510006,295.0713934211551,429.0639436215557,1:33
441000,-592763.1386245396,295.5584050894268,430.73245914563444,1:31
442000,-593233.7130194046,295.40720404763204,431.062692951597,1:30
443000,-592240.0899521688,297.3367705994992,430.73869068147616,1:28
444000,-592486.4198048101,296.1218959402543,432.42681178405934,1:26
445000,-592391.9130481759,295.5985882520767,431.68994423420975,1:25
446000,-592049.0423528492,294.6449261519128,428.48154496681155,1:23
447000,-592796.5933195422,298.19895241361775,431.0464866057527,1:22
448000,-592629.7912506084,295.08155034904337,429.8276202632757,1:20
449000,-593063.9875170519,297.9436259585164,430.2786619224188,1:19
450000,-593543.3115582219,294.0086089094229,429.62360051093737,1:17
451000,-592971.1566540375,296.0092529731361,430.38196012551595,1:16
452000,-592559.0589838182,296.6470865489208,430.63657961991345,1:14
453000,-591862.5031743222,294.32202262052243,432.24852404208764,1:13
454000,-593397.6615868583,295.4463561413744,431.5145962347043,1:11
455000,-594344.6613745086,295.6241462401813,429.18186573856906,1:09
456000,-594461.017892194,294.5414060744985,430.2871794478056,1:08
457000,-592390.3694568169,295.743984686651,431.7842852079176,1:06
458000,-592411.5088396489,293.943026184454,431.0961567364628,1:05
459000,-592413.8938125884,296.9714281263,430.8718798262775,1:03
460000,-593889.5458211028,296.4622123417391,430.0560088335192,1:02
461000,-592722.5602555703,295.1720630890157,431.9511528552343,1:00
462000,-592221.3145059037,297.5715488526162,431.7000619893129,0:59
463000,-594522.167010139,296.11590039597104,428.7984479154209,0:57
464000,-592968.0473256591,294.7116512045467,430.55912834865177,0:55
465000,-593798.5257141069,295.9644696926959,430.84398935669196,0:54
466000,-593074.3307674257,294.65462982821066,430.2094216066236,0:52
467000,-592918.39533047,297.60583497781005,430.28801356323,0:51
468000,-592164.6920489161,297.3629640126055,431.3499949201205,0:49
469000,-593123.4733644822,299.13362700570707,431.329321511566,0:48
470000,-591554.0439939145,297.35917923521345,432.2777932248374,0:46
471000,-592708.5012140912,294.02081817293447,431.66666040128587,0:45
472000,-592679.3986761174,294.9013304309732,431.0161451430995,0:43
473000,-592434.4294905239,295.8398528527418,430.0831703652447,0:42
474000,-593171.0619677375,296.7398528406308,428.72594725035464,0:40
475000,-592352.9359730054,296.370240626797,429.2790207891012,0:38
476000,-592405.9569937859,295.562958730071,430.6883380181502,0:37
477000,-592777.990053257,294.2840676451983,429.46885373180254,0:35
478000,-593418.868573209,295.92288617103964,429.4408930729508,0:34
479000,-592824.2816283987,296.544238162661,430.8521733162845,0:32
480000,-592841.2324188366,298.06654848902883,431.54855915249215,0:31
481000,-592433.3829844929,295.7971898829561,430.7614707448308,0:29
482000,-593215.3740838019,293.98866459876825,429.78354987282677,0:28
483000,-593443.6440759825,295.97959433173065,430.50913096749105,0:26
484000,-592834.8752273533,294.53503479095815,430.4433342211422,0:24
485000,-592204.2842777525,295.6596892468123,430.8741325329067,0:23
486000,-592546.4695747294,294.316536699408,430.89547441536024,0:21
487000,-592489.5875160312,296.51131759396935,430.5123444320036,0:20
488000,-592407.2180498498,294.66405285200483,430.93113021405634,0:18
489000,-593380.0616342712,297.3837402745148,431.3920177418308,0:17
490000,-593273.8986038896,297.13679507050784,430.46035042777044,0:15
491000,-592351.7778966213,296.21988406727166,430.5253140557267,0:14
492000,-591691.7530522819,296.23464683372526,429.88748991217057,0:12
493000,-591521.2098806845,296.46118737924587,431.54451048899887,0:10
494000,-592295.8736797576,296.54867128125915,431.51139551731666,0:09
495000,-592786.210521244,296.1468797536843,429.13320132354585,0:07
496000,-593869.208856012,293.8249832762803,428.01885030700544,0:06
497000,-593763.0957384612,296.74467694254787,430.00142100674765,0:04
498000,-592155.0007714638,292.98686450335407,431.2057802788752,0:03
499000,-593736.8261309408,294.72788886101506,429.16679244224065,0:01
500000,-592964.9749630294,297.3790011394829,430.27103151039825,0:00
Traceback (most recent call last):
  File "/home/wp1g16/gcmc_scripts/FreeEnergy_calculations/solvate_equilibrate.py", line 153, in <module>
    PDBFile.writeFile(pdb.topology, positions, f)
  File "/scratch/wp1g16/miniconda3/envs/OMM8.0/lib/python3.9/site-packages/openmm/app/pdbfile.py", line 291, in writeFile
    PDBFile.writeModel(topology, positions, file, keepIds=keepIds, extraParticleIdentifier=extraParticleIdentifier)
  File "/scratch/wp1g16/miniconda3/envs/OMM8.0/lib/python3.9/site-packages/openmm/app/pdbfile.py", line 339, in writeModel
    raise ValueError('The number of positions must match the number of atoms')
ValueError: The number of positions must match the number of atoms
Job Done
==============================================================================
Running epilogue script on pink56.

Submit time  : 2024-08-07T13:06:14
Start time   : 2024-08-08T11:08:04
End time     : 2024-08-08T11:22:32
Elapsed time : 00:14:28 (Timelimit=06:00:00)

Job ID: 6409977
Cluster: i5
User/Group: wp1g16/eb
State: COMPLETED (exit code 0)
Nodes: 1
Cores per node: 6
CPU Utilized: 00:13:42
CPU Efficiency: 15.78% of 01:26:48 core-walltime
Job Wall-clock time: 00:14:28
Memory Utilized: 546.79 MB
Memory Efficiency: 0.00% of 16.00 B

