Running SLURM prolog script on pink56.cluster.local
===============================================================================
Job started on Sat Aug 10 01:08:19 BST 2024
Job ID          : 6426109
Job name        : Equil
WorkDir         : /mainfs/scratch/wp1g16/Grand/T4L99A/FreeEnergies/SolvateEquilComplex/Thianaphthene_0
Command         : /mainfs/scratch/wp1g16/Grand/T4L99A/FreeEnergies/SolvateEquilComplex/Thianaphthene_0/run_equil_iridis.sh
Partition       : gtx1080
Num hosts       : 1
Num cores       : 6
Num of tasks    : 1
Hosts allocated : pink56
Job Output Follows ...
===============================================================================
=================================== SLURM JOB ===================================

The job will be started on the following node(s):
pink56

Slurm User:         wp1g16
Run Directory:      /scratch/wp1g16/Grand/T4L99A/FreeEnergies/SolvateEquilComplex/Thianaphthene_0
Job ID:             _
Job Name:           Equil
Partition:          gtx1080
Number of nodes:    1
Number of tasks:    1
Submitted From:     cyan51.cluster.local:/mainfs/scratch/wp1g16/Grand/T4L99A/FreeEnergies/SolvateEquilComplex/Thianaphthene_0
=================================== SLURM JOB ===================================

--- SLURM job-script output ---
Free energy home directory set to /mainfs/scratch/wp1g16/Grand/T4L99A/FreeEnergies/SolvateEquilComplex/Thianaphthene_0
1
0.513 [98.272, 124.347] [-97.064, -119.201, -152.182]
Running on CUDA platform.
Minimizing energy
Adding Boresch restraints..
raA0 = 0.513 nm between atoms <Atom 2652 (H1) of chain 1 residue 166 (L02)> and <Atom 1564 (N) of chain 0 residue 99 (ALA)>
theta_A0 = 98.272 deg between [<Atom 2651 (C8) of chain 1 residue 166 (L02)>, <Atom 2652 (H1) of chain 1 residue 166 (L02)>, <Atom 1564 (N) of chain 0 residue 99 (ALA)>]
theta_B0 = 124.347 deg between [<Atom 2652 (H1) of chain 1 residue 166 (L02)>, <Atom 1564 (N) of chain 0 residue 99 (ALA)>, <Atom 1556 (C) of chain 0 residue 98 (ALA)>]
phi_A0 = -1.694086385155776 rad between [<Atom 2650 (C7) of chain 1 residue 166 (L02)>, <Atom 2651 (C8) of chain 1 residue 166 (L02)>, <Atom 2652 (H1) of chain 1 residue 166 (L02)>, <Atom 1564 (N) of chain 0 residue 99 (ALA)>]
phi_B0 = -2.0804499216697607 rad between [<Atom 2651 (C8) of chain 1 residue 166 (L02)>, <Atom 2652 (H1) of chain 1 residue 166 (L02)>, <Atom 1564 (N) of chain 0 residue 99 (ALA)>, <Atom 1556 (C) of chain 0 residue 98 (ALA)>]
phi_C0 = -2.6560769622700104 rad between [<Atom 2652 (H1) of chain 1 residue 166 (L02)>, <Atom 1564 (N) of chain 0 residue 99 (ALA)>, <Atom 1556 (C) of chain 0 residue 98 (ALA)>, <Atom 1555 (CA) of chain 0 residue 98 (ALA)>]
K_r = 10 kcal/(A**2 mol)
K_thetaA = 10 kcal/(mol rad**2)
K_thetaB = 10 kcal/(mol rad**2)
K_phiA = 10 kcal/(mol rad**2)
K_phiB = 10 kcal/(mol rad**2)
K_phiC = 10 kcal/(mol rad**2)
r_aA0 = 0.513 nm
theta_A0 = 1.7151699625198675 rad
theta_B0 = 2.170264564977389 rad
phi_A0 = -1.694086385155776 rad
phi_B0 = -2.0804499216697607 rad
phi_C0 = -2.6560769622700104 rad
Minimizing energy
Running NVT
Heating...
#"Step","Potential Energy (kJ/mole)","Temperature (K)","Box Volume (nm^3)","Time Remaining"
1000,-658160.6320193175,2.4425791696826225,408.6429940351762,--
2000,-659333.0233248533,2.7200316847161834,408.6429940351762,2:33:03
3000,-659575.8695880901,3.3463234412698846,408.6429940351762,2:33:17
4000,-659550.00670237,4.3509551080906235,408.6429940351762,2:33:21
5000,-659364.3625538701,5.445938772473687,408.6429940351762,2:33:27
6000,-659142.3333923765,6.552181583890859,408.6429940351762,2:33:37
7000,-658945.0780169396,7.884922528364467,408.6429940351762,2:33:45
8000,-658737.868125912,8.994425725278207,408.6429940351762,2:33:56
9000,-658437.1901882337,10.04278488738315,408.6429940351762,2:34:00
10000,-658145.4174542564,11.41730276792915,408.6429940351762,2:34:10
11000,-657850.781481504,12.443657438103706,408.6429940351762,2:34:10
12000,-657576.3043050067,13.696371348094221,408.6429940351762,2:34:16
13000,-657345.9230358156,14.974213388821308,408.6429940351762,2:34:24
14000,-657123.7310709399,15.872590436406105,408.6429940351762,2:34:27
15000,-656903.6121850708,17.113843543110562,408.6429940351762,2:34:28
16000,-656680.979424157,18.47083801372522,408.6429940351762,2:34:31
17000,-656518.7776062237,19.49474039534171,408.6429940351762,2:34:33
18000,-656462.5031846156,20.96163634907553,408.6429940351762,2:34:35
19000,-656384.1668073526,22.236185082096277,408.6429940351762,2:34:37
20000,-656205.8299929858,23.058876898923014,408.6429940351762,2:34:39
21000,-656004.0761076752,24.062202341317814,408.6429940351762,2:34:42
22000,-655780.1413440034,25.528957456347037,408.6429940351762,2:34:46
23000,-655496.1078834957,26.74199148453468,408.6429940351762,2:34:52
24000,-655447.6756894942,27.78583839767214,408.6429940351762,2:34:58
25000,-655306.8576981719,29.277466319572785,408.6429940351762,2:35:03
26000,-655321.1117905597,30.29927663256811,408.6429940351762,2:35:07
27000,-655064.8046363322,31.563407523940228,408.6429940351762,2:35:11
28000,-655048.9246331234,32.79767334609007,408.6429940351762,2:35:16
29000,-654912.2074863119,33.81254002327465,408.6429940351762,2:35:19
30000,-654717.1001699513,34.73607616084009,408.6429940351762,2:35:21
31000,-654551.4195106269,36.521641121039586,408.6429940351762,2:35:24
32000,-654474.1093057811,37.323305736548335,408.6429940351762,2:35:27
33000,-654197.4654810852,38.55092886159184,408.6429940351762,2:35:30
34000,-654168.3887228938,39.7172031739012,408.6429940351762,2:35:33
35000,-654122.5391403022,40.932184028311866,408.6429940351762,2:35:36
36000,-653880.8225744828,42.09760104119428,408.6429940351762,2:35:39
37000,-653695.3125512097,43.29468652009979,408.6429940351762,2:35:42
38000,-653498.4500541021,44.352003713562766,408.6429940351762,2:35:46
39000,-653147.9279446022,45.63989938599871,408.6429940351762,2:35:49
40000,-652892.1461630019,46.58440058927615,408.6429940351762,2:35:52
41000,-652711.3478412796,47.86370647351931,408.6429940351762,2:35:56
42000,-652685.3548452477,49.13128322445432,408.6429940351762,2:35:58
43000,-652439.2562068999,50.06860506363343,408.6429940351762,2:36:02
44000,-652337.6301153114,51.67235362231314,408.6429940351762,2:36:05
45000,-651895.7485184977,52.92923990638096,408.6429940351762,2:36:07
46000,-651610.3073992757,53.62050700221707,408.6429940351762,2:36:09
47000,-651563.7778076376,54.77027420657128,408.6429940351762,2:36:11
48000,-651196.3849612111,56.25613995083667,408.6429940351762,2:36:14
49000,-650954.6094960896,57.62871216874758,408.6429940351762,2:36:19
50000,-650919.1543185096,58.74574806730492,408.6429940351762,2:36:25
51000,-650767.1496928912,59.594085907267306,408.6429940351762,2:36:30
52000,-650721.127396238,61.27991052687588,408.6429940351762,2:36:36
53000,-650030.9540884108,62.11121306852204,408.6429940351762,2:36:41
54000,-649717.6638767014,63.059622820739364,408.6429940351762,2:36:47
55000,-649734.2888156874,64.75568440091261,408.6429940351762,2:36:54
56000,-649673.1005742638,65.51383255377249,408.6429940351762,2:36:59
57000,-649111.4859998494,66.97649006343035,408.6429940351762,2:37:06
58000,-648971.0109961606,67.56761082780135,408.6429940351762,2:37:12
59000,-648665.2863250505,68.99226467960783,408.6429940351762,2:37:15
60000,-648484.0650383632,69.982760424797,408.6429940351762,2:37:23
61000,-648038.557200481,71.91208418591296,408.6429940351762,2:37:29
62000,-647695.107074134,72.42669026574646,408.6429940351762,2:37:35
63000,-647722.4154609556,73.96711309500277,408.6429940351762,2:37:41
64000,-647462.6317809788,75.45254753026661,408.6429940351762,2:37:46
65000,-647321.9590601111,76.52662819635776,408.6429940351762,2:37:52
66000,-647018.6992004863,77.2877241263678,408.6429940351762,2:37:57
67000,-646635.6780017801,79.0686462527652,408.6429940351762,2:38:02
68000,-646295.3616918796,80.4245312176891,408.6429940351762,2:38:07
69000,-645989.6336694234,80.78393674077981,408.6429940351762,2:38:13
70000,-645822.6607903088,81.48471777742019,408.6429940351762,2:38:17
71000,-645606.9796456553,83.0278659407197,408.6429940351762,2:38:20
72000,-645316.0793527488,84.02024234667206,408.6429940351762,2:38:25
73000,-644980.5877752076,85.752943571524,408.6429940351762,2:38:30
74000,-644794.0025750436,86.12053389499009,408.6429940351762,2:38:35
75000,-644613.6509403591,88.03467565612205,408.6429940351762,2:38:39
76000,-644326.4833851813,89.36180833954393,408.6429940351762,2:38:43
77000,-644071.7053481266,91.13951450723172,408.6429940351762,2:38:47
78000,-643729.0283910092,91.84317295564014,408.6429940351762,2:38:51
79000,-643330.3237877532,92.68652246509033,408.6429940351762,2:38:56
80000,-643124.5357006718,94.14694807989568,408.6429940351762,2:39:00
81000,-643232.7949198452,94.92099920939602,408.6429940351762,2:39:04
82000,-642629.7222875429,95.93608617986007,408.6429940351762,2:39:07
83000,-642121.214669372,96.85393760065732,408.6429940351762,2:39:11
84000,-641784.5142151341,98.80485482305298,408.6429940351762,2:39:15
85000,-641704.6854106882,99.41908218777779,408.6429940351762,2:39:19
86000,-641523.1663473519,101.14027114084611,408.6429940351762,2:39:22
87000,-641236.4896168103,102.49132531787116,408.6429940351762,2:39:24
88000,-640969.7786016497,103.084564371185,408.6429940351762,2:39:28
89000,-640359.7619197671,104.55648952043713,408.6429940351762,2:39:31
90000,-640389.4160051025,105.89402260179322,408.6429940351762,2:39:35
91000,-640034.5130328415,106.41143144840471,408.6429940351762,2:39:36
92000,-639799.4817305813,109.14923429532422,408.6429940351762,2:39:40
93000,-639182.8088393249,109.42908268823324,408.6429940351762,2:39:44
94000,-638935.2605859749,109.52540012331542,408.6429940351762,2:39:44
95000,-638121.100027987,111.41330871501616,408.6429940351762,2:39:47
96000,-638492.3451786812,113.03107258851142,408.6429940351762,2:39:49
97000,-638365.7486766037,114.40533404712153,408.6429940351762,2:39:51
98000,-637757.1053393004,115.1750561764363,408.6429940351762,2:39:56
99000,-637283.2673047439,117.00172134935319,408.6429940351762,2:40:00
100000,-637013.0716142878,118.23503182578465,408.6429940351762,2:40:04
101000,-636710.6553932563,118.5958559982006,408.6429940351762,2:40:06
102000,-636362.573501081,119.96978115420373,408.6429940351762,2:40:08
103000,-636162.526928338,121.53390738044384,408.6429940351762,2:40:08
104000,-635600.9050274664,123.40046819007604,408.6429940351762,2:40:11
105000,-635184.8484432772,123.2506083816693,408.6429940351762,2:40:14
106000,-635018.1017987572,124.99246954869125,408.6429940351762,2:40:18
107000,-634892.1670537645,125.64970953999125,408.6429940351762,2:40:20
108000,-634340.8945988654,127.51242576116609,408.6429940351762,2:40:21
109000,-634351.6484697512,127.84148740642675,408.6429940351762,2:40:23
110000,-633768.2807069719,128.60701724641237,408.6429940351762,2:40:26
111000,-633547.9626482476,130.03226346271683,408.6429940351762,2:40:28
112000,-634010.6114821036,130.14101074924957,408.6429940351762,2:40:31
113000,-633412.9329558001,132.12379797063724,408.6429940351762,2:40:33
114000,-632695.1678257117,134.18622839169973,408.6429940351762,2:40:34
115000,-632920.0001870571,135.18960312728285,408.6429940351762,2:40:36
116000,-632173.0395398729,136.6976049805826,408.6429940351762,2:40:39
117000,-632054.3766891577,136.3538764870209,408.6429940351762,2:40:42
118000,-631592.2981265034,140.68105323325594,408.6429940351762,2:40:42
119000,-631247.0061005328,140.58543400385258,408.6429940351762,2:40:43
120000,-630475.9941223892,141.10627888692017,408.6429940351762,2:40:46
121000,-630146.9686533625,142.2804832454483,408.6429940351762,2:40:47
122000,-629994.1410823567,143.1878659766331,408.6429940351762,2:40:49
123000,-629641.8268186362,145.55136356105518,408.6429940351762,2:40:51
124000,-628803.9598278294,144.8856566019529,408.6429940351762,2:40:52
125000,-628437.2743965592,146.95593666060685,408.6429940351762,2:40:54
126000,-627861.5197623265,148.50541586502231,408.6429940351762,2:40:55
127000,-628142.73937275,149.15609811154397,408.6429940351762,2:40:57
128000,-627500.222331397,150.8889376847729,408.6429940351762,2:40:57
129000,-627327.2412046448,150.94703218315524,408.6429940351762,2:40:58
130000,-626595.0689583486,152.28361202737167,408.6429940351762,2:41:01
131000,-626121.9468786828,154.54252833861136,408.6429940351762,2:41:02
132000,-625473.5582390218,157.31108793168713,408.6429940351762,2:41:02
133000,-625954.9104577173,156.17510260920076,408.6429940351762,2:41:02
134000,-625541.4044759795,157.64304541888148,408.6429940351762,2:41:02
135000,-624801.5423985764,159.01612994639504,408.6429940351762,2:41:05
136000,-624305.1271675145,161.78883269688853,408.6429940351762,2:41:07
137000,-623543.3596942222,160.71877498056222,408.6429940351762,2:41:09
138000,-623604.6403393429,161.90189123468718,408.6429940351762,2:41:09
139000,-622688.2737313733,162.23023800982176,408.6429940351762,2:41:10
140000,-622743.9934349856,165.54995579869285,408.6429940351762,2:41:12
141000,-622333.1307620308,165.40084517655342,408.6429940351762,2:41:13
142000,-621989.7768510743,166.6834058980994,408.6429940351762,2:41:14
143000,-621603.3493127225,168.35389910046308,408.6429940351762,2:41:17
144000,-620936.9566040938,168.64786161257706,408.6429940351762,2:41:18
145000,-619885.7890713492,170.5911530499745,408.6429940351762,2:41:17
146000,-619612.9057208148,172.02253879315055,408.6429940351762,2:41:18
147000,-619956.2097747668,172.93503078902305,408.6429940351762,2:41:20
148000,-618334.6667238674,175.12242122785847,408.6429940351762,2:41:20
149000,-618071.4473625419,177.44342906521618,408.6429940351762,2:41:20
150000,-617739.2709010481,176.56793895828878,408.6429940351762,2:41:22
151000,-617964.474853748,177.38520853721835,408.6429940351762,2:41:23
152000,-616260.6421606499,178.04668811732796,408.6429940351762,2:41:24
153000,-615893.2757511975,178.92719180889154,408.6429940351762,2:41:25
154000,-615914.5060844813,181.53981347238252,408.6429940351762,2:41:26
155000,-614813.5043727779,180.86939562231504,408.6429940351762,2:41:27
156000,-614176.8771779372,182.8976157809841,408.6429940351762,2:41:28
157000,-614187.2249296133,184.69673476044997,408.6429940351762,2:41:28
158000,-613843.7785197035,186.2423255606923,408.6429940351762,2:41:29
159000,-611843.5253815043,186.41331635760037,408.6429940351762,2:41:29
160000,-612530.1081087429,188.34484698522888,408.6429940351762,2:41:30
161000,-612058.254697795,188.47914085271688,408.6429940351762,2:41:32
162000,-610893.2224947172,189.37545201102398,408.6429940351762,2:41:32
163000,-610365.990928232,192.06267493968227,408.6429940351762,2:41:32
164000,-609608.5455342038,191.99539996506846,408.6429940351762,2:41:32
165000,-609068.0765887334,193.26914525760145,408.6429940351762,2:41:32
166000,-607691.1476841536,194.9829247511556,408.6429940351762,2:41:33
167000,-606922.3435468443,197.82548853115122,408.6429940351762,2:41:34
168000,-606245.0770295705,199.10146943919926,408.6429940351762,2:41:34
169000,-605058.1839710874,198.45707338227996,408.6429940351762,2:41:35
170000,-604600.8738022796,200.83907020434788,408.6429940351762,2:41:36
171000,-604489.6908515193,200.83596093545322,408.6429940351762,2:41:36
172000,-602695.8151343907,198.99954561417044,408.6429940351762,2:41:38
173000,-602331.9306778125,203.46483545686587,408.6429940351762,2:41:38
174000,-601192.5851150369,203.05373482388555,408.6429940351762,2:41:38
175000,-600102.9594133296,205.23119594886214,408.6429940351762,2:41:38
176000,-599276.1732575963,208.09753202938634,408.6429940351762,2:41:39
177000,-597726.2850463067,209.67333297266399,408.6429940351762,2:41:39
178000,-596125.3477440011,208.39200860560126,408.6429940351762,2:41:39
179000,-595019.3654445356,209.09637436362937,408.6429940351762,2:41:40
180000,-594729.091239572,211.00154634237646,408.6429940351762,2:41:40
181000,-594170.0622202167,213.37982416542766,408.6429940351762,2:41:41
182000,-592576.3885894511,214.23863840612532,408.6429940351762,2:41:42
183000,-590611.7961150394,215.88294497633362,408.6429940351762,2:41:42
184000,-589986.8270756458,215.64668372969112,408.6429940351762,2:41:42
185000,-587997.5203529368,218.00821857194967,408.6429940351762,2:41:41
186000,-585890.9894937603,217.8480742683445,408.6429940351762,2:41:42
187000,-585225.4435668332,219.5311116269188,408.6429940351762,2:41:42
188000,-584761.1198246172,222.10665374135522,408.6429940351762,2:41:43
189000,-583225.4930152458,220.55221152155002,408.6429940351762,2:41:43
190000,-583037.6320040803,223.20905767095675,408.6429940351762,2:41:44
191000,-581948.7620537421,225.90983680013431,408.6429940351762,2:41:44
192000,-581129.1602366243,224.70006304531933,408.6429940351762,2:41:45
193000,-579150.3444396609,226.95847508673972,408.6429940351762,2:41:45
194000,-578293.4823547988,229.31341589889385,408.6429940351762,2:41:45
195000,-577879.4099310872,227.94355711663766,408.6429940351762,2:41:45
196000,-576816.4737456902,230.41134200652468,408.6429940351762,2:41:46
197000,-576173.1840183474,232.3686405108158,408.6429940351762,2:41:47
198000,-576246.5189420218,234.56801864067734,408.6429940351762,2:41:49
199000,-575061.5326133703,233.73715599766132,408.6429940351762,2:41:49
200000,-572821.3033097796,235.99243672093417,408.6429940351762,2:41:48
201000,-571866.0970881532,238.27198990653125,408.6429940351762,2:41:48
202000,-570909.6851277701,236.2438564727238,408.6429940351762,2:41:48
203000,-570087.6201378261,237.90023688040367,408.6429940351762,2:41:48
204000,-569454.194468176,239.2037384510353,408.6429940351762,2:41:48
205000,-568598.6095211259,241.82522045772944,408.6429940351762,2:41:48
206000,-567594.2752797399,241.4316962491822,408.6429940351762,2:41:48
207000,-566251.3022105498,244.67195342953534,408.6429940351762,2:41:48
208000,-566081.4600417849,243.7715375257772,408.6429940351762,2:41:47
209000,-565211.6844603377,248.0534616386503,408.6429940351762,2:41:48
210000,-563457.2245567222,245.58970005578553,408.6429940351762,2:41:48
211000,-562770.5869332529,248.8702868505763,408.6429940351762,2:41:48
212000,-561628.3046609005,248.61411258254003,408.6429940351762,2:41:48
213000,-560195.7048888961,249.38055404508697,408.6429940351762,2:41:48
214000,-560044.9713220494,252.94616437113277,408.6429940351762,2:41:48
215000,-559473.1845458734,253.51559646689037,408.6429940351762,2:41:48
216000,-558056.5331504056,255.8474913281857,408.6429940351762,2:41:48
217000,-557792.8876970066,255.51620481208641,408.6429940351762,2:41:48
218000,-556683.086884856,254.95449042141126,408.6429940351762,2:41:48
219000,-555365.876157997,260.2685300973389,408.6429940351762,2:41:48
220000,-554530.1169939144,259.58957539456577,408.6429940351762,2:41:47
221000,-553905.229277329,259.2283224684799,408.6429940351762,2:41:47
222000,-553016.4637983078,261.0491463680468,408.6429940351762,2:41:48
223000,-551118.2285178427,261.5456973413842,408.6429940351762,2:41:48
224000,-550706.0231491472,265.37860962178183,408.6429940351762,2:41:48
225000,-549962.5674843665,264.50752593379536,408.6429940351762,2:41:48
226000,-549675.0233171093,266.87812355260604,408.6429940351762,2:41:48
227000,-547987.1017039812,267.693549573644,408.6429940351762,2:41:47
Traceback (most recent call last):
  File "/home/wp1g16/gcmc_scripts/FreeEnergy_calculations/solvate_equilibrate.py", line 113, in <module>
    simulation.step(1)
  File "/scratch/wp1g16/miniconda3/envs/OMM8.0/lib/python3.9/site-packages/openmm/app/simulation.py", line 141, in step
    self._simulate(endStep=self.currentStep+steps)
  File "/scratch/wp1g16/miniconda3/envs/OMM8.0/lib/python3.9/site-packages/openmm/app/simulation.py", line 210, in _simulate
    self.integrator.step(stepsToGo)
  File "/scratch/wp1g16/miniconda3/envs/OMM8.0/lib/python3.9/site-packages/openmm/openmm.py", line 13583, in step
    return _openmm.CustomIntegrator_step(self, steps)
openmm.OpenMMException: Particle coordinate is NaN.  For more information, see https://github.com/openmm/openmm/wiki/Frequently-Asked-Questions#nan
Job Done
==============================================================================
Running epilogue script on pink56.

Submit time  : 2024-08-09T15:48:37
Start time   : 2024-08-10T01:08:18
End time     : 2024-08-10T01:17:51
Elapsed time : 00:09:33 (Timelimit=06:00:00)

Job ID: 6426109
Cluster: i5
User/Group: wp1g16/eb
State: COMPLETED (exit code 0)
Nodes: 1
Cores per node: 6
CPU Utilized: 00:08:20
CPU Efficiency: 14.54% of 00:57:18 core-walltime
Job Wall-clock time: 00:09:33
Memory Utilized: 532.90 MB
Memory Efficiency: 0.00% of 16.00 B

