Running SLURM prolog script on indigo59.cluster.local
===============================================================================
Job started on Mon Aug 12 10:06:42 BST 2024
Job ID          : 6432170
Job name        : Equil
WorkDir         : /mainfs/scratch/wp1g16/Grand/T4L99A/FreeEnergies/SolvateEquilComplex/Thianaphthene_0
Command         : /mainfs/scratch/wp1g16/Grand/T4L99A/FreeEnergies/SolvateEquilComplex/Thianaphthene_0/run_equil_iridis.sh
Partition       : gpu
Num hosts       : 1
Num cores       : 6
Num of tasks    : 1
Hosts allocated : indigo59
Job Output Follows ...
===============================================================================
=================================== SLURM JOB ===================================

The job will be started on the following node(s):
indigo59

Slurm User:         wp1g16
Run Directory:      /scratch/wp1g16/Grand/T4L99A/FreeEnergies/SolvateEquilComplex/Thianaphthene_0
Job ID:             _
Job Name:           Equil
Partition:          gpu
Number of nodes:    1
Number of tasks:    1
Submitted From:     cyan51.cluster.local:/mainfs/scratch/wp1g16/Grand/T4L99A/FreeEnergies/SolvateEquilComplex/Thianaphthene_0
=================================== SLURM JOB ===================================

--- SLURM job-script output ---
Free energy home directory set to /mainfs/scratch/wp1g16/Grand/T4L99A/FreeEnergies/SolvateEquilComplex/Thianaphthene_0
1
0.513 [98.272, 124.347] [-97.064, -119.201, -152.182]
Running on CUDA platform.
Minimizing energy
Adding Boresch restraints..
raA0 = 0.513 nm between atoms <Atom 2652 (H1) of chain 1 residue 166 (L02)> and <Atom 1564 (N) of chain 0 residue 99 (ALA)>
theta_A0 = 98.272 deg between [<Atom 2651 (C8) of chain 1 residue 166 (L02)>, <Atom 2652 (H1) of chain 1 residue 166 (L02)>, <Atom 1564 (N) of chain 0 residue 99 (ALA)>]
theta_B0 = 124.347 deg between [<Atom 2652 (H1) of chain 1 residue 166 (L02)>, <Atom 1564 (N) of chain 0 residue 99 (ALA)>, <Atom 1556 (C) of chain 0 residue 98 (ALA)>]
phi_A0 = -1.694086385155776 rad between [<Atom 2650 (C7) of chain 1 residue 166 (L02)>, <Atom 2651 (C8) of chain 1 residue 166 (L02)>, <Atom 2652 (H1) of chain 1 residue 166 (L02)>, <Atom 1564 (N) of chain 0 residue 99 (ALA)>]
phi_B0 = -2.0804499216697607 rad between [<Atom 2651 (C8) of chain 1 residue 166 (L02)>, <Atom 2652 (H1) of chain 1 residue 166 (L02)>, <Atom 1564 (N) of chain 0 residue 99 (ALA)>, <Atom 1556 (C) of chain 0 residue 98 (ALA)>]
phi_C0 = -2.6560769622700104 rad between [<Atom 2652 (H1) of chain 1 residue 166 (L02)>, <Atom 1564 (N) of chain 0 residue 99 (ALA)>, <Atom 1556 (C) of chain 0 residue 98 (ALA)>, <Atom 1555 (CA) of chain 0 residue 98 (ALA)>]
K_r = 10 kcal/(A**2 mol)
K_thetaA = 10 kcal/(mol rad**2)
K_thetaB = 10 kcal/(mol rad**2)
K_phiA = 10 kcal/(mol rad**2)
K_phiB = 10 kcal/(mol rad**2)
K_phiC = 10 kcal/(mol rad**2)
r_aA0 = 0.513 nm
theta_A0 = 1.7151699625198675 rad
theta_B0 = 2.170264564977389 rad
phi_A0 = -1.694086385155776 rad
phi_B0 = -2.0804499216697607 rad
phi_C0 = -2.6560769622700104 rad
Minimizing energy
Running NVT
Heating...
#"Step","Potential Energy (kJ/mole)","Temperature (K)","Box Volume (nm^3)","Time Remaining"
1000,-658629.2405606932,2.5016474619732088,408.6429940351762,--
2000,-659737.0027704639,2.709342622316596,408.6429940351762,1:37:42
3000,-660080.7462076773,3.4562024921889525,408.6429940351762,1:37:39
4000,-660132.205659287,4.428003570947947,408.6429940351762,1:37:38
5000,-659962.2472447483,5.457999953698083,408.6429940351762,1:37:42
6000,-659706.551064719,6.607379472735861,408.6429940351762,1:37:41
7000,-659422.9509047628,7.81778715722739,408.6429940351762,1:37:37
8000,-659119.0191005666,8.94754785106317,408.6429940351762,1:37:35
9000,-658953.7304465477,10.163130409293053,408.6429940351762,1:37:34
10000,-658725.098565117,11.339976635924783,408.6429940351762,1:37:33
11000,-658470.9157076641,12.43961071314482,408.6429940351762,1:37:34
12000,-658251.0102947894,13.626332537652589,408.6429940351762,1:37:33
13000,-657943.6883563465,14.880434914272612,408.6429940351762,1:37:32
14000,-657741.7559219399,15.994215850633545,408.6429940351762,1:37:31
15000,-657448.9420113468,17.507530979904228,408.6429940351762,1:37:30
16000,-657281.0859395629,18.310121422832008,408.6429940351762,1:37:29
17000,-657148.4626385458,19.597508251061658,408.6429940351762,1:37:29
18000,-656977.6838108182,20.774330191926605,408.6429940351762,1:37:31
19000,-656925.4253320594,21.951768030431186,408.6429940351762,1:37:31
20000,-656822.1421486768,23.17120817904762,408.6429940351762,1:37:31
21000,-656570.6569044865,24.639946659298783,408.6429940351762,1:37:30
22000,-656397.8773195967,25.555701017968268,408.6429940351762,1:37:30
23000,-656301.7513284918,26.859858712613203,408.6429940351762,1:37:30
24000,-656164.5329445757,28.042028702637204,408.6429940351762,1:37:29
25000,-656056.0434852173,29.109915416654527,408.6429940351762,1:37:30
26000,-655726.1093104712,30.21423769695005,408.6429940351762,1:37:30
27000,-655573.207949345,31.477266808089695,408.6429940351762,1:37:29
28000,-655269.1751735448,33.00546848112454,408.6429940351762,1:37:29
29000,-655131.5901258714,33.738002848379836,408.6429940351762,1:37:29
30000,-655058.7447042167,35.10645908746939,408.6429940351762,1:37:28
31000,-654695.5158448014,36.18246640627613,408.6429940351762,1:37:28
32000,-654576.8971856311,37.19367951538524,408.6429940351762,1:37:28
33000,-654489.200859186,38.39300950495424,408.6429940351762,1:37:28
34000,-654400.0928525657,39.58756875763801,408.6429940351762,1:37:28
35000,-654009.3789094617,40.800872809514296,408.6429940351762,1:37:28
36000,-653967.4564917816,41.81368497572794,408.6429940351762,1:37:28
37000,-653784.6270911442,43.4185008639392,408.6429940351762,1:37:27
38000,-653672.0066561322,44.66896757940872,408.6429940351762,1:37:27
39000,-653304.518792823,45.583535841383295,408.6429940351762,1:37:27
40000,-653083.8499780342,46.47302505847156,408.6429940351762,1:37:26
41000,-652791.7649197653,48.04118864956112,408.6429940351762,1:37:26
42000,-652489.0113604413,49.741325640221355,408.6429940351762,1:37:26
43000,-652412.2386858326,50.399487795348534,408.6429940351762,1:37:26
44000,-652255.44210469,51.43407865959842,408.6429940351762,1:37:26
45000,-652288.7188079567,52.36078415480871,408.6429940351762,1:37:26
46000,-651837.5848442996,53.57888778440402,408.6429940351762,1:37:26
47000,-651668.7042082865,54.984233437753296,408.6429940351762,1:37:26
48000,-651407.1992473435,56.13302885461907,408.6429940351762,1:37:25
49000,-651202.8694073912,57.022767561955945,408.6429940351762,1:37:25
50000,-650989.9475842756,58.40547710707959,408.6429940351762,1:37:25
51000,-650729.3594782269,59.33866466054275,408.6429940351762,1:37:25
52000,-650540.3903666511,60.97232248226842,408.6429940351762,1:37:24
53000,-650348.4170613124,62.84724470060421,408.6429940351762,1:37:24
54000,-650212.7315102536,63.2960116825612,408.6429940351762,1:37:24
55000,-649966.6932544452,64.79327334449395,408.6429940351762,1:37:24
56000,-649441.6919193612,65.38747420707902,408.6429940351762,1:37:24
57000,-649446.996835595,65.97672689329568,408.6429940351762,1:37:23
58000,-648909.4037125162,67.28578267467613,408.6429940351762,1:37:23
59000,-648832.2454136275,69.79346179155532,408.6429940351762,1:37:22
60000,-648379.7725134289,71.27641169123623,408.6429940351762,1:37:22
61000,-648174.0985322807,71.3258061809839,408.6429940351762,1:37:22
62000,-648190.3049670733,72.0083978243933,408.6429940351762,1:37:21
63000,-647762.2911830032,73.72985931270343,408.6429940351762,1:37:21
64000,-647673.5935116676,75.4289271826462,408.6429940351762,1:37:21
65000,-647240.0542588506,76.46116855060869,408.6429940351762,1:37:20
66000,-647000.1993171526,77.00361247818316,408.6429940351762,1:37:20
67000,-646905.7205795031,78.76394896970821,408.6429940351762,1:37:20
68000,-646505.2041545361,79.87119369047142,408.6429940351762,1:37:20
69000,-646612.2457248475,81.05908819432995,408.6429940351762,1:37:20
70000,-645945.5390128992,82.46532658794065,408.6429940351762,1:37:19
71000,-645546.8041346907,83.48197400178543,408.6429940351762,1:37:19
72000,-645482.3851887896,84.4817271185952,408.6429940351762,1:37:19
73000,-644937.8996519309,86.2516570945517,408.6429940351762,1:37:19
74000,-644703.0883245673,87.5042931888711,408.6429940351762,1:37:19
75000,-644556.7756327547,87.9115962983664,408.6429940351762,1:37:18
76000,-644423.9648399674,88.01934597061782,408.6429940351762,1:37:18
77000,-644215.4349964731,90.15400302633155,408.6429940351762,1:37:18
78000,-644074.6410894413,91.87023688012688,408.6429940351762,1:37:17
79000,-643458.3364039357,93.06437332892347,408.6429940351762,1:37:17
80000,-643446.6490236958,93.58340339114248,408.6429940351762,1:37:17
81000,-642718.5807542831,94.09142658905601,408.6429940351762,1:37:16
82000,-642307.854755356,95.61116353004088,408.6429940351762,1:37:16
83000,-642442.1468827119,97.47675607009683,408.6429940351762,1:37:16
84000,-642341.1977594194,98.59986373118112,408.6429940351762,1:37:15
85000,-641987.472174658,99.95594094342093,408.6429940351762,1:37:15
86000,-641550.7322178851,101.45930638968679,408.6429940351762,1:37:15
87000,-641688.1725235169,102.20231958630822,408.6429940351762,1:37:14
88000,-641086.9764557013,103.11012918582307,408.6429940351762,1:37:14
89000,-640783.8291380338,104.78434264845885,408.6429940351762,1:37:13
90000,-640590.9693988166,105.78551818214846,408.6429940351762,1:37:13
91000,-639897.1236181208,107.1312133146382,408.6429940351762,1:37:13
92000,-639804.5331831044,107.20714241431958,408.6429940351762,1:37:12
93000,-639271.2948546421,109.77974904801341,408.6429940351762,1:37:12
94000,-638924.7230179752,109.91590546151268,408.6429940351762,1:37:12
95000,-638823.140579904,111.65114131408929,408.6429940351762,1:37:11
96000,-638909.5398824387,112.74622340935589,408.6429940351762,1:37:11
97000,-637754.8621424641,114.2280825451087,408.6429940351762,1:37:10
98000,-638125.5151639571,114.6552610479757,408.6429940351762,1:37:10
99000,-638110.5086241914,116.35741828396102,408.6429940351762,1:37:10
100000,-637346.8384781154,117.3558449098782,408.6429940351762,1:37:09
101000,-636892.7037585475,119.27638952818873,408.6429940351762,1:37:09
102000,-636674.8629562189,120.61766123917575,408.6429940351762,1:37:08
103000,-636162.49204386,120.57158379888797,408.6429940351762,1:37:08
104000,-636174.692647025,122.08528152006834,408.6429940351762,1:37:07
105000,-635172.8513805987,124.44012554271798,408.6429940351762,1:37:07
106000,-635110.5751171266,124.65262998352279,408.6429940351762,1:37:06
107000,-634883.285580365,127.21463831900707,408.6429940351762,1:37:06
108000,-634796.9316493827,126.48893693630475,408.6429940351762,1:37:06
109000,-634175.6938316198,129.40575234908655,408.6429940351762,1:37:05
110000,-634129.3924688569,128.78899417086708,408.6429940351762,1:37:05
111000,-633897.321592272,130.90468720310332,408.6429940351762,1:37:04
112000,-633534.658192235,132.57856332760522,408.6429940351762,1:37:04
113000,-632669.4789356773,132.69415004008374,408.6429940351762,1:37:03
114000,-633184.5515348823,135.14042909728016,408.6429940351762,1:37:03
115000,-632488.7185017224,135.43760041595647,408.6429940351762,1:37:02
116000,-632124.7691225093,135.934764790491,408.6429940351762,1:37:02
117000,-632240.1560971225,136.47979876409713,408.6429940351762,1:37:01
118000,-631875.4870830497,139.3044170529061,408.6429940351762,1:37:01
119000,-631159.3663208692,139.5058969273335,408.6429940351762,1:37:00
120000,-631022.5813215575,140.73688156152292,408.6429940351762,1:36:59
121000,-630696.664784614,142.233011914886,408.6429940351762,1:36:59
122000,-629983.0764076824,143.6221463386712,408.6429940351762,1:36:58
123000,-629974.6114912974,144.50612668480645,408.6429940351762,1:36:58
124000,-629210.3025842032,145.60031676075374,408.6429940351762,1:36:57
125000,-628446.1384128621,146.50723372042984,408.6429940351762,1:36:57
126000,-628723.6553998676,148.0161154539155,408.6429940351762,1:36:56
127000,-628320.3366074071,148.65723084247932,408.6429940351762,1:36:56
128000,-627767.7443790114,148.45431933507686,408.6429940351762,1:36:55
129000,-627462.4559906926,151.4750485697548,408.6429940351762,1:36:54
130000,-626384.5921059656,152.61394130796336,408.6429940351762,1:36:54
131000,-626419.2653827895,153.910393830445,408.6429940351762,1:36:53
132000,-626735.0493371743,154.88945974185827,408.6429940351762,1:36:53
133000,-625735.7567934254,156.81079682053266,408.6429940351762,1:36:52
134000,-625245.9832619794,157.9846546346021,408.6429940351762,1:36:52
135000,-625460.1142222122,158.3541717594642,408.6429940351762,1:36:51
136000,-624119.0917996727,159.6203173058629,408.6429940351762,1:36:50
137000,-623131.6116469817,161.32450007615836,408.6429940351762,1:36:50
138000,-622892.5176764315,162.9958949381567,408.6429940351762,1:36:49
139000,-622136.3699804423,165.53728440561102,408.6429940351762,1:36:49
140000,-622140.7780756191,164.51219637660466,408.6429940351762,1:36:48
141000,-622317.1801482472,166.20182675350608,408.6429940351762,1:36:48
142000,-621050.4497875136,165.96419168846418,408.6429940351762,1:36:47
143000,-621293.1785738545,166.96792030273588,408.6429940351762,1:36:46
144000,-620940.009368575,170.22669981820138,408.6429940351762,1:36:46
145000,-619676.7239015857,170.72017262688132,408.6429940351762,1:36:45
146000,-619453.6989852516,172.63024526230544,408.6429940351762,1:36:45
147000,-618578.9706196589,173.37237545538264,408.6429940351762,1:36:44
148000,-618562.9697101093,174.76878222687193,408.6429940351762,1:36:43
149000,-618833.4608283441,174.64131345600896,408.6429940351762,1:36:43
150000,-618420.6739983512,177.08643776948404,408.6429940351762,1:36:42
151000,-617034.4812047412,178.0495837405837,408.6429940351762,1:36:42
152000,-617127.8555332352,178.68633244170104,408.6429940351762,1:36:41
153000,-616667.9336743334,178.78375696419215,408.6429940351762,1:36:40
154000,-615874.4738436204,180.2433773679149,408.6429940351762,1:36:40
155000,-615541.749977753,181.72582020557317,408.6429940351762,1:36:39
156000,-615040.083090848,184.0789137284075,408.6429940351762,1:36:38
157000,-615049.8931371397,185.19837276373036,408.6429940351762,1:36:38
158000,-614378.6882382624,185.582528776121,408.6429940351762,1:36:37
159000,-613683.3879526474,187.81069513262923,408.6429940351762,1:36:37
160000,-613137.0315295784,186.90552035455246,408.6429940351762,1:36:36
161000,-611719.7616790354,188.89156810480435,408.6429940351762,1:36:35
162000,-611107.5238176729,193.39578964109307,408.6429940351762,1:36:35
163000,-610971.9786752881,192.94895567901747,408.6429940351762,1:36:34
164000,-609808.4439009447,193.0920969734392,408.6429940351762,1:36:33
165000,-608917.8779220227,195.15799066862826,408.6429940351762,1:36:33
166000,-608585.236995182,193.9937654348981,408.6429940351762,1:36:32
167000,-606959.2943360987,195.28982267988664,408.6429940351762,1:36:31
168000,-606932.6404547442,197.65481503377066,408.6429940351762,1:36:31
169000,-605549.8165901932,195.82920466769883,408.6429940351762,1:36:30
170000,-604646.0654626074,199.2375691275399,408.6429940351762,1:36:30
171000,-603190.2639537528,201.15924011059826,408.6429940351762,1:36:29
172000,-602291.6815312766,201.71680637046026,408.6429940351762,1:36:28
173000,-601395.722377032,203.01138580393743,408.6429940351762,1:36:28
174000,-600252.3964236197,204.56364895369097,408.6429940351762,1:36:27
175000,-599569.1940727085,204.86560726531056,408.6429940351762,1:36:26
176000,-599340.9748953427,206.35509020747642,408.6429940351762,1:36:26
177000,-598311.3724865569,208.71166554093875,408.6429940351762,1:36:25
178000,-598085.9316888689,210.187897210722,408.6429940351762,1:36:24
179000,-596375.2625664657,210.72799984287022,408.6429940351762,1:36:24
180000,-596052.3181471033,211.8420897609646,408.6429940351762,1:36:23
181000,-594642.5395588058,213.68348434157187,408.6429940351762,1:36:22
182000,-593136.5991962282,213.95376908857577,408.6429940351762,1:36:22
183000,-591373.605577532,215.322208957493,408.6429940351762,1:36:21
184000,-590601.1947413362,215.83410080058408,408.6429940351762,1:36:20
185000,-590486.7293709652,218.5801602306442,408.6429940351762,1:36:19
186000,-587658.5319219194,215.46489634994506,408.6429940351762,1:36:19
187000,-586938.6074434891,219.6471977508024,408.6429940351762,1:36:18
188000,-585814.0439788434,221.6526911787804,408.6429940351762,1:36:17
189000,-585069.7278715887,222.84251101564217,408.6429940351762,1:36:17
190000,-582732.9598419236,222.4465863363336,408.6429940351762,1:36:16
191000,-582393.0577080471,224.10444158578701,408.6429940351762,1:36:15
192000,-581457.7174450741,225.33624737674293,408.6429940351762,1:36:14
193000,-580332.7778925216,228.22104356056943,408.6429940351762,1:36:14
194000,-579040.3854053658,229.43780092823954,408.6429940351762,1:36:13
195000,-577493.7819467932,231.1900789665668,408.6429940351762,1:36:12
196000,-576923.2680284102,230.5723741243918,408.6429940351762,1:36:12
197000,-575539.9598570927,232.31319952930747,408.6429940351762,1:36:11
198000,-574932.3224431719,233.3567598305338,408.6429940351762,1:36:10
199000,-573473.8082907691,234.72628216721517,408.6429940351762,1:36:09
200000,-572486.8937221079,235.79201551834063,408.6429940351762,1:36:09
201000,-571284.4186292244,237.31520301132582,408.6429940351762,1:36:08
202000,-569804.0605575875,235.7544387583376,408.6429940351762,1:36:07
203000,-569621.8330726717,239.63045865505805,408.6429940351762,1:36:07
204000,-569083.7803077158,242.33612589209358,408.6429940351762,1:36:06
205000,-568287.5927792909,240.67639872592807,408.6429940351762,1:36:05
206000,-566820.3207198121,241.15238542059194,408.6429940351762,1:36:05
207000,-565186.4675382192,241.97319334969046,408.6429940351762,1:36:04
208000,-564957.4927344769,243.96237113697632,408.6429940351762,1:36:03
209000,-565111.5484049176,245.739867917502,408.6429940351762,1:36:02
210000,-564101.4112718483,247.5463121443279,408.6429940351762,1:36:02
211000,-563075.1613424045,249.48085939933426,408.6429940351762,1:36:01
212000,-561663.4414554429,250.80658462328213,408.6429940351762,1:36:00
213000,-560067.5800017386,251.18212411689478,408.6429940351762,1:35:59
214000,-559760.1926258248,252.3066600314809,408.6429940351762,1:35:59
215000,-558732.9546672856,254.36902769612234,408.6429940351762,1:35:58
216000,-558490.8352167765,253.00980708734966,408.6429940351762,1:35:57
217000,-557635.4920708714,255.65752922170515,408.6429940351762,1:35:57
218000,-556409.8006334961,255.93832675289184,408.6429940351762,1:35:56
219000,-555795.2640202411,258.1586283296452,408.6429940351762,1:35:55
220000,-554740.851872473,257.7367197870677,408.6429940351762,1:35:54
221000,-554548.0386528464,259.5752237165836,408.6429940351762,1:35:54
222000,-553033.0345147157,262.0033759053757,408.6429940351762,1:35:53
223000,-551374.7481750504,263.5938510564996,408.6429940351762,1:35:52
224000,-550147.7548593334,266.0215514548046,408.6429940351762,1:35:52
225000,-549563.4413729815,266.1812883417679,408.6429940351762,1:35:51
226000,-548388.5765297255,266.9513215000582,408.6429940351762,1:35:50
227000,-548464.0185496677,266.4899757895674,408.6429940351762,1:35:49
228000,-546787.836558695,269.5187362116299,408.6429940351762,1:35:49
229000,-547130.6757093633,268.6195643937088,408.6429940351762,1:35:48
230000,-546386.6983149629,270.7539708212315,408.6429940351762,1:35:47
231000,-545130.5575874401,271.8951874901679,408.6429940351762,1:35:47
232000,-544269.3729520405,273.2056197062372,408.6429940351762,1:35:46
233000,-543300.6244472745,274.98648134350987,408.6429940351762,1:35:45
234000,-542200.2036798708,273.3854394096084,408.6429940351762,1:35:44
235000,-541843.3262175324,273.850505352068,408.6429940351762,1:35:44
236000,-540074.5709404752,277.1908194019252,408.6429940351762,1:35:43
237000,-540896.7770677744,280.5815582475031,408.6429940351762,1:35:42
238000,-540442.7729564218,280.6227053759161,408.6429940351762,1:35:42
239000,-539486.3759703604,280.7976338180975,408.6429940351762,1:35:41
Traceback (most recent call last):
  File "/home/wp1g16/gcmc_scripts/FreeEnergy_calculations/solvate_equilibrate.py", line 113, in <module>
    simulation.step(1)
  File "/scratch/wp1g16/miniconda3/envs/OMM8.0/lib/python3.9/site-packages/openmm/app/simulation.py", line 141, in step
    self._simulate(endStep=self.currentStep+steps)
  File "/scratch/wp1g16/miniconda3/envs/OMM8.0/lib/python3.9/site-packages/openmm/app/simulation.py", line 210, in _simulate
    self.integrator.step(stepsToGo)
  File "/scratch/wp1g16/miniconda3/envs/OMM8.0/lib/python3.9/site-packages/openmm/openmm.py", line 13583, in step
    return _openmm.CustomIntegrator_step(self, steps)
openmm.OpenMMException: Particle coordinate is NaN.  For more information, see https://github.com/openmm/openmm/wiki/Frequently-Asked-Questions#nan
Job Done
==============================================================================
Running epilogue script on indigo59.

Submit time  : 2024-08-12T10:06:37
Start time   : 2024-08-12T10:06:41
End time     : 2024-08-12T10:13:35
Elapsed time : 00:06:54 (Timelimit=06:00:00)

Job ID: 6432170
Cluster: i5
User/Group: wp1g16/eb
State: COMPLETED (exit code 0)
Nodes: 1
Cores per node: 6
CPU Utilized: 00:05:45
CPU Efficiency: 13.89% of 00:41:24 core-walltime
Job Wall-clock time: 00:06:54
Memory Utilized: 625.46 MB
Memory Efficiency: 0.00% of 16.00 B

