Running SLURM prolog script on indigo59.cluster.local
===============================================================================
Job started on Mon Aug 12 10:15:56 BST 2024
Job ID          : 6432631
Job name        : Equil
WorkDir         : /mainfs/scratch/wp1g16/Grand/T4L99A/FreeEnergies/SolvateEquilComplex/Thianaphthene_0
Command         : /mainfs/scratch/wp1g16/Grand/T4L99A/FreeEnergies/SolvateEquilComplex/Thianaphthene_0/run_equil_iridis.sh
Partition       : gpu
Num hosts       : 1
Num cores       : 6
Num of tasks    : 1
Hosts allocated : indigo59
Job Output Follows ...
===============================================================================
=================================== SLURM JOB ===================================

The job will be started on the following node(s):
indigo59

Slurm User:         wp1g16
Run Directory:      /scratch/wp1g16/Grand/T4L99A/FreeEnergies/SolvateEquilComplex/Thianaphthene_0
Job ID:             _
Job Name:           Equil
Partition:          gpu
Number of nodes:    1
Number of tasks:    1
Submitted From:     cyan51.cluster.local:/mainfs/scratch/wp1g16/Grand/T4L99A/FreeEnergies/SolvateEquilComplex/Thianaphthene_0
=================================== SLURM JOB ===================================

--- SLURM job-script output ---
Free energy home directory set to /mainfs/scratch/wp1g16/Grand/T4L99A/FreeEnergies/SolvateEquilComplex/Thianaphthene_0
1
0.513 [98.272, 124.347] [-97.064, -119.201, -152.182]
Running on CUDA platform.
Minimizing energy
Adding Boresch restraints..
raA0 = 0.513 nm between atoms <Atom 2652 (H1) of chain 1 residue 166 (L02)> and <Atom 1564 (N) of chain 0 residue 99 (ALA)>
theta_A0 = 98.272 deg between [<Atom 2651 (C8) of chain 1 residue 166 (L02)>, <Atom 2652 (H1) of chain 1 residue 166 (L02)>, <Atom 1564 (N) of chain 0 residue 99 (ALA)>]
theta_B0 = 124.347 deg between [<Atom 2652 (H1) of chain 1 residue 166 (L02)>, <Atom 1564 (N) of chain 0 residue 99 (ALA)>, <Atom 1556 (C) of chain 0 residue 98 (ALA)>]
phi_A0 = -1.694086385155776 rad between [<Atom 2650 (C7) of chain 1 residue 166 (L02)>, <Atom 2651 (C8) of chain 1 residue 166 (L02)>, <Atom 2652 (H1) of chain 1 residue 166 (L02)>, <Atom 1564 (N) of chain 0 residue 99 (ALA)>]
phi_B0 = -2.0804499216697607 rad between [<Atom 2651 (C8) of chain 1 residue 166 (L02)>, <Atom 2652 (H1) of chain 1 residue 166 (L02)>, <Atom 1564 (N) of chain 0 residue 99 (ALA)>, <Atom 1556 (C) of chain 0 residue 98 (ALA)>]
phi_C0 = -2.6560769622700104 rad between [<Atom 2652 (H1) of chain 1 residue 166 (L02)>, <Atom 1564 (N) of chain 0 residue 99 (ALA)>, <Atom 1556 (C) of chain 0 residue 98 (ALA)>, <Atom 1555 (CA) of chain 0 residue 98 (ALA)>]
K_r = 10 kcal/(A**2 mol)
K_thetaA = 10 kcal/(mol rad**2)
K_thetaB = 10 kcal/(mol rad**2)
K_phiA = 10 kcal/(mol rad**2)
K_phiB = 10 kcal/(mol rad**2)
K_phiC = 10 kcal/(mol rad**2)
r_aA0 = 0.513 nm
theta_A0 = 1.7151699625198675 rad
theta_B0 = 2.170264564977389 rad
phi_A0 = -1.694086385155776 rad
phi_B0 = -2.0804499216697607 rad
phi_C0 = -2.6560769622700104 rad
Minimizing energy
Running NVT
Heating...
#"Step","Potential Energy (kJ/mole)","Temperature (K)","Box Volume (nm^3)","Time Remaining"
1000,-659394.6534512034,1.6650547255917678,408.6429940351762,--
2000,-660199.5061125432,2.5513385127363413,408.6429940351762,1:37:40
3000,-660395.4910762147,3.297692683867504,408.6429940351762,1:37:41
4000,-660280.2846623831,4.2941638692444695,408.6429940351762,1:37:37
5000,-660040.9455379206,5.43712026186829,408.6429940351762,1:37:37
6000,-659783.8668902637,6.664992724475939,408.6429940351762,1:37:37
7000,-659574.4290477256,7.78756090929329,408.6429940351762,1:37:35
8000,-659328.7325882879,8.98093106691523,408.6429940351762,1:37:34
9000,-659120.6525198645,10.169961728986177,408.6429940351762,1:37:33
10000,-658882.2237100196,11.286518544889228,408.6429940351762,1:37:32
11000,-658571.1105344512,12.539307903596363,408.6429940351762,1:37:30
12000,-658313.8374842107,13.673798441844026,408.6429940351762,1:37:29
13000,-658100.9768346208,14.908507698885884,408.6429940351762,1:37:31
14000,-657914.2381518215,16.13215991275535,408.6429940351762,1:37:27
15000,-657666.6117989575,17.26023305916321,408.6429940351762,1:37:23
16000,-657451.0341931637,18.269273094491794,408.6429940351762,1:37:19
17000,-657252.9400702175,19.581279306256974,408.6429940351762,1:37:16
18000,-657176.3410997824,20.849021673754038,408.6429940351762,1:37:14
19000,-656939.4053779952,22.083325154803607,408.6429940351762,1:37:12
20000,-656769.7586001684,23.424788610236426,408.6429940351762,1:37:10
21000,-656510.06677562,24.332711979152506,408.6429940351762,1:37:08
22000,-656422.7307314933,25.46028445728363,408.6429940351762,1:37:06
23000,-656294.4970259364,26.727244511794986,408.6429940351762,1:37:04
24000,-656183.7075421498,27.987699377013683,408.6429940351762,1:37:03
25000,-656040.4300016735,29.276575771303264,408.6429940351762,1:37:02
26000,-655856.5460731837,30.35798623240883,408.6429940351762,1:37:01
27000,-655609.1829981068,31.756240606589902,408.6429940351762,1:37:00
28000,-655409.2068947766,32.4814010933117,408.6429940351762,1:36:59
29000,-655193.2629584353,33.94688586215156,408.6429940351762,1:36:58
30000,-654795.561986808,34.49332761987012,408.6429940351762,1:36:57
31000,-654649.7892913446,36.06988375815491,408.6429940351762,1:36:56
32000,-654435.3484872156,37.49441087531477,408.6429940351762,1:36:55
33000,-654303.5037470227,38.639219085495476,408.6429940351762,1:36:54
34000,-654042.1871481182,39.5382417415459,408.6429940351762,1:36:53
35000,-653837.5553100395,41.231619109336414,408.6429940351762,1:36:52
36000,-653571.4956973924,41.97760321053675,408.6429940351762,1:36:51
37000,-653565.7740629739,43.509376149053814,408.6429940351762,1:36:51
38000,-653241.5748351747,44.322164357705724,408.6429940351762,1:36:50
39000,-653005.3372966545,45.4925848817242,408.6429940351762,1:36:50
40000,-652919.4937837208,46.77918443990832,408.6429940351762,1:36:49
41000,-652611.6869812838,48.21850766266141,408.6429940351762,1:36:49
42000,-652282.6411992982,49.12521368061665,408.6429940351762,1:36:49
43000,-652141.8453822192,50.36240534861549,408.6429940351762,1:36:50
44000,-652034.861471442,51.13576670599197,408.6429940351762,1:36:49
45000,-651683.6808322056,51.83349040365227,408.6429940351762,1:36:49
46000,-651242.9187652157,54.15927797393588,408.6429940351762,1:36:48
47000,-651041.8496955959,55.23698816325698,408.6429940351762,1:36:48
48000,-650836.4488878474,55.900934775850516,408.6429940351762,1:36:48
49000,-650799.2067443938,57.82496185858222,408.6429940351762,1:36:47
50000,-650361.1657076518,58.638959903202455,408.6429940351762,1:36:47
51000,-650160.4770170948,59.2544360789286,408.6429940351762,1:36:46
52000,-650097.9322918952,60.91922461913131,408.6429940351762,1:36:46
53000,-649642.8091740061,61.60958926268843,408.6429940351762,1:36:46
54000,-649332.9166795218,63.217225368654205,408.6429940351762,1:36:46
55000,-649219.3719120449,64.93145898416378,408.6429940351762,1:36:45
56000,-648921.5514429333,65.8515376365435,408.6429940351762,1:36:45
57000,-648701.6066213425,66.50169407335183,408.6429940351762,1:36:45
58000,-648739.455270587,67.39159281757867,408.6429940351762,1:36:44
59000,-648288.9684536878,69.65887109951196,408.6429940351762,1:36:44
60000,-648150.7480505467,70.19789345394807,408.6429940351762,1:36:45
61000,-647788.7653004243,71.49541104163879,408.6429940351762,1:36:45
62000,-647898.2880998922,72.95616242949629,408.6429940351762,1:36:45
63000,-647381.696906087,73.82310622988985,408.6429940351762,1:36:46
64000,-646988.1840471984,75.24905554698157,408.6429940351762,1:36:46
65000,-646942.015604805,76.96078348148872,408.6429940351762,1:36:47
66000,-646507.0107377805,77.29678767566953,408.6429940351762,1:36:47
67000,-646315.5420284034,78.88688967482163,408.6429940351762,1:36:47
68000,-645963.884044871,79.20858288265217,408.6429940351762,1:36:48
69000,-646143.1989184076,81.03152131839579,408.6429940351762,1:36:48
70000,-645644.6575244977,82.15646429942794,408.6429940351762,1:36:48
71000,-645318.6630511414,82.92109382222353,408.6429940351762,1:36:48
72000,-645223.3943162551,84.63721073288102,408.6429940351762,1:36:48
73000,-644826.9473627042,86.0754288691228,408.6429940351762,1:36:48
74000,-644554.7361197984,86.81203061913683,408.6429940351762,1:36:48
75000,-644307.9940711204,87.7032042366562,408.6429940351762,1:36:49
76000,-644056.173426887,88.51147113870472,408.6429940351762,1:36:48
77000,-643603.5106553473,90.38235692910551,408.6429940351762,1:36:49
78000,-643585.9344127919,91.93979678747384,408.6429940351762,1:36:49
79000,-643093.4516408395,92.24632280244163,408.6429940351762,1:36:49
80000,-642705.9605685426,93.91033542315694,408.6429940351762,1:36:49
81000,-642763.2057606201,96.11653946994043,408.6429940351762,1:36:48
82000,-642534.38171689,97.32460020713748,408.6429940351762,1:36:48
83000,-641868.7023986892,97.34829799935822,408.6429940351762,1:36:48
84000,-641707.7126259762,98.42191862783011,408.6429940351762,1:36:48
85000,-641380.6785546364,99.5440777182045,408.6429940351762,1:36:48
86000,-641019.4071220639,100.12572354107081,408.6429940351762,1:36:48
87000,-641069.7596169626,103.16715779772986,408.6429940351762,1:36:48
88000,-640387.1594514449,103.28667020154464,408.6429940351762,1:36:48
89000,-640080.2691568262,104.35511164375441,408.6429940351762,1:36:48
90000,-639764.635299207,105.40920964505754,408.6429940351762,1:36:48
91000,-639944.8116371376,107.40148988801172,408.6429940351762,1:36:48
92000,-639190.9255917184,108.33347921111958,408.6429940351762,1:36:48
93000,-639144.4549281984,109.22775205610597,408.6429940351762,1:36:47
94000,-638996.6171714528,110.28251887492337,408.6429940351762,1:36:47
95000,-638429.2886951531,112.27306728634623,408.6429940351762,1:36:47
96000,-638275.4208423169,113.11558052590361,408.6429940351762,1:36:47
97000,-637853.9160571385,114.17869368137654,408.6429940351762,1:36:46
98000,-637517.1883950569,115.33834150898414,408.6429940351762,1:36:46
99000,-637345.3810442658,115.89719990102247,408.6429940351762,1:36:46
100000,-636951.918460849,117.54575939601858,408.6429940351762,1:36:46
101000,-636643.335883969,117.81047540363265,408.6429940351762,1:36:46
102000,-636367.4245232395,118.99096564504545,408.6429940351762,1:36:45
103000,-636318.3892265963,121.361264377105,408.6429940351762,1:36:45
104000,-635933.7005584668,121.32784121130649,408.6429940351762,1:36:45
105000,-635573.6264930596,123.39167286153162,408.6429940351762,1:36:45
106000,-635102.6265767873,124.66869662804021,408.6429940351762,1:36:44
107000,-634802.1195522288,125.33896122599452,408.6429940351762,1:36:44
108000,-634323.6527773272,126.73773315556252,408.6429940351762,1:36:44
109000,-633965.0082831876,128.74849685860983,408.6429940351762,1:36:44
110000,-633683.9486595523,130.4402825502149,408.6429940351762,1:36:44
111000,-633589.3518918161,129.68872105747508,408.6429940351762,1:36:43
112000,-633243.3004330944,131.01727180037,408.6429940351762,1:36:42
113000,-632807.0791953881,133.49459031447984,408.6429940351762,1:36:42
114000,-632798.5940972099,133.0759841854552,408.6429940351762,1:36:41
115000,-632141.0849998137,134.718809055959,408.6429940351762,1:36:40
116000,-631946.5556167471,137.40195032139374,408.6429940351762,1:36:39
117000,-631556.8315533944,137.29807667885925,408.6429940351762,1:36:39
118000,-630752.4805784719,138.67593801005287,408.6429940351762,1:36:38
119000,-630323.5922973715,140.29111430002118,408.6429940351762,1:36:37
120000,-630710.6813313155,141.1315612032917,408.6429940351762,1:36:37
121000,-630383.094052695,143.64114096737958,408.6429940351762,1:36:36
122000,-629654.8438567626,143.74305345101283,408.6429940351762,1:36:35
123000,-629695.3025920796,145.50066009379285,408.6429940351762,1:36:35
124000,-628939.9060081192,145.08618449456333,408.6429940351762,1:36:34
125000,-628954.5126514819,145.87295029288506,408.6429940351762,1:36:33
126000,-628586.8892025212,148.27574596553208,408.6429940351762,1:36:32
127000,-627818.1459996286,151.1631330541743,408.6429940351762,1:36:32
128000,-627529.4340861267,150.75914595802215,408.6429940351762,1:36:31
129000,-626697.3593817386,152.37025992977877,408.6429940351762,1:36:30
130000,-626895.1796690107,153.96740318189285,408.6429940351762,1:36:30
131000,-626543.209124221,153.88259849621673,408.6429940351762,1:36:29
132000,-626262.1409752057,154.63357284086914,408.6429940351762,1:36:28
133000,-625965.941233783,155.27526000579357,408.6429940351762,1:36:27
134000,-624976.0750559599,157.56953643666336,408.6429940351762,1:36:27
135000,-624754.1698266487,158.8582637875437,408.6429940351762,1:36:26
136000,-624271.3640865502,158.79088049401042,408.6429940351762,1:36:26
137000,-624170.5486263405,160.44076656924756,408.6429940351762,1:36:26
138000,-623477.9959027069,161.81048500161907,408.6429940351762,1:36:25
139000,-623444.101813698,163.081350799835,408.6429940351762,1:36:25
140000,-623136.4456822397,164.8974791505,408.6429940351762,1:36:24
141000,-622300.3808584986,167.2632849540109,408.6429940351762,1:36:24
142000,-621782.4253685744,167.62639165171382,408.6429940351762,1:36:24
143000,-620624.871471291,166.7677155323109,408.6429940351762,1:36:23
144000,-621018.4790203897,170.1349988928917,408.6429940351762,1:36:23
145000,-620422.6118864245,169.27635435013448,408.6429940351762,1:36:22
146000,-620363.8357276402,171.46958528842944,408.6429940351762,1:36:22
147000,-619399.1269524214,171.95624883834475,408.6429940351762,1:36:21
148000,-618498.6690567902,175.58369612343623,408.6429940351762,1:36:21
149000,-618995.6314142644,175.19948499688206,408.6429940351762,1:36:20
150000,-618236.933165249,175.84009817020416,408.6429940351762,1:36:20
151000,-617780.2780338957,178.59973829874323,408.6429940351762,1:36:19
152000,-616685.2606519186,179.4351453903782,408.6429940351762,1:36:19
153000,-616203.2301932366,180.87456390683587,408.6429940351762,1:36:18
154000,-615874.3262327639,180.45515396743474,408.6429940351762,1:36:18
155000,-614649.7355154953,180.65056517974003,408.6429940351762,1:36:18
156000,-614279.356669504,183.55211158995056,408.6429940351762,1:36:17
157000,-614193.8671335774,184.63569047575768,408.6429940351762,1:36:17
158000,-613002.4122972628,185.46884416982033,408.6429940351762,1:36:16
159000,-612274.796810756,188.15107852840288,408.6429940351762,1:36:16
160000,-611564.9404443952,187.00331718486373,408.6429940351762,1:36:15
161000,-612368.4914742615,190.56415532747405,408.6429940351762,1:36:14
162000,-611273.016916594,190.26952807521258,408.6429940351762,1:36:14
163000,-610234.1496446053,191.71486294219787,408.6429940351762,1:36:13
164000,-609583.1354450695,191.8818153584402,408.6429940351762,1:36:13
165000,-608908.7740415772,193.44915973832155,408.6429940351762,1:36:12
166000,-608092.1389568408,193.69360549277022,408.6429940351762,1:36:12
167000,-607307.8597012686,195.2887241081908,408.6429940351762,1:36:11
168000,-606172.1230596453,195.62118383860692,408.6429940351762,1:36:11
169000,-605643.7273886101,198.371975991575,408.6429940351762,1:36:10
170000,-604115.0348345828,201.05409731388514,408.6429940351762,1:36:10
171000,-603880.2426745421,202.78650812516545,408.6429940351762,1:36:09
172000,-602164.3180081816,202.43634638521158,408.6429940351762,1:36:09
173000,-601533.4854250099,201.89042616883032,408.6429940351762,1:36:08
174000,-601089.2258777842,203.5912883579197,408.6429940351762,1:36:07
175000,-599569.1244584837,205.24439534210674,408.6429940351762,1:36:07
176000,-597994.8302229908,205.29711503225613,408.6429940351762,1:36:06
177000,-597753.919570118,207.4033568255807,408.6429940351762,1:36:06
178000,-596934.8109745588,210.71949548679032,408.6429940351762,1:36:05
179000,-596113.3166562342,210.61195006524596,408.6429940351762,1:36:04
180000,-595031.0124233849,210.22124706367816,408.6429940351762,1:36:04
181000,-593833.4814776441,212.34620177248988,408.6429940351762,1:36:03
182000,-593176.8843335102,214.42446322179455,408.6429940351762,1:36:03
183000,-590962.4162223355,216.44144923804922,408.6429940351762,1:36:02
184000,-589545.3414619523,215.99241407046676,408.6429940351762,1:36:02
185000,-589079.3653483298,219.3623319636873,408.6429940351762,1:36:01
186000,-587909.4537179642,220.15900589741906,408.6429940351762,1:36:01
187000,-586619.6262111836,220.92065398971064,408.6429940351762,1:36:01
188000,-585443.5098533242,223.17411127476402,408.6429940351762,1:36:00
189000,-584667.2348325402,223.74338036009962,408.6429940351762,1:35:59
190000,-582559.1379009956,223.06894716460326,408.6429940351762,1:35:59
191000,-582250.504217736,224.13016281382193,408.6429940351762,1:35:58
Traceback (most recent call last):
  File "/home/wp1g16/gcmc_scripts/FreeEnergy_calculations/solvate_equilibrate.py", line 113, in <module>
    simulation.step(1)
  File "/scratch/wp1g16/miniconda3/envs/OMM8.0/lib/python3.9/site-packages/openmm/app/simulation.py", line 141, in step
    self._simulate(endStep=self.currentStep+steps)
  File "/scratch/wp1g16/miniconda3/envs/OMM8.0/lib/python3.9/site-packages/openmm/app/simulation.py", line 243, in _simulate
    self._generate_reports(unwrapped, False)
  File "/scratch/wp1g16/miniconda3/envs/OMM8.0/lib/python3.9/site-packages/openmm/app/simulation.py", line 263, in _generate_reports
    reporter.report(self, state)
  File "/scratch/wp1g16/miniconda3/envs/OMM8.0/lib/python3.9/site-packages/openmm/app/statedatareporter.py", line 206, in report
    self._checkForErrors(simulation, state)
  File "/scratch/wp1g16/miniconda3/envs/OMM8.0/lib/python3.9/site-packages/openmm/app/statedatareporter.py", line 365, in _checkForErrors
    raise ValueError('Energy is NaN.  For more information, see https://github.com/openmm/openmm/wiki/Frequently-Asked-Questions#nan')
ValueError: Energy is NaN.  For more information, see https://github.com/openmm/openmm/wiki/Frequently-Asked-Questions#nan
Job Done
==============================================================================
Running epilogue script on indigo59.

Submit time  : 2024-08-12T10:15:46
Start time   : 2024-08-12T10:15:56
End time     : 2024-08-12T10:20:48
Elapsed time : 00:04:52 (Timelimit=06:00:00)

Job ID: 6432631
Cluster: i5
User/Group: wp1g16/eb
State: COMPLETED (exit code 0)
Nodes: 1
Cores per node: 6
CPU Utilized: 00:04:51
CPU Efficiency: 16.61% of 00:29:12 core-walltime
Job Wall-clock time: 00:04:52
Memory Utilized: 635.77 MB
Memory Efficiency: 0.00% of 16.00 B

