Running SLURM prolog script on pink52.cluster.local
===============================================================================
Job started on Wed Aug  7 11:13:21 BST 2024
Job ID          : 6409655
Job name        : Equil
WorkDir         : /mainfs/scratch/wp1g16/Grand/T4L99A/FreeEnergies/SolvateEquilComplex/Thianaphthene_3
Command         : /mainfs/scratch/wp1g16/Grand/T4L99A/FreeEnergies/SolvateEquilComplex/Thianaphthene_3/run_equil_iridis.sh
Partition       : gtx1080
Num hosts       : 1
Num cores       : 6
Num of tasks    : 1
Hosts allocated : pink52
Job Output Follows ...
===============================================================================
=================================== SLURM JOB ===================================

The job will be started on the following node(s):
pink52

Slurm User:         wp1g16
Run Directory:      /scratch/wp1g16/Grand/T4L99A/FreeEnergies/SolvateEquilComplex/Thianaphthene_3
Job ID:             _
Job Name:           Equil
Partition:          gtx1080
Number of nodes:    1
Number of tasks:    1
Submitted From:     cyan51.cluster.local:/mainfs/scratch/wp1g16/Grand/T4L99A/FreeEnergies/SolvateEquilComplex/Thianaphthene_3
=================================== SLURM JOB ===================================

--- SLURM job-script output ---
Free energy home directory set to /mainfs/scratch/wp1g16/Grand/T4L99A/FreeEnergies/SolvateEquilComplex/Thianaphthene_3
1
Traceback (most recent call last):
  File "/home/wp1g16/gcmc_scripts/FreeEnergy_calculations/solvate_equilibrate.py", line 11, in <module>
    from boresch_rest import BoreschRestraint
ImportError: cannot import name 'BoreschRestraint' from 'boresch_rest' (/mainfs/home/wp1g16/gcmc_scripts/FreeEnergy_calculations/boresch_rest.py)
Job Done
==============================================================================
Running epilogue script on pink52.

Submit time  : 2024-08-07T10:17:21
Start time   : 2024-08-07T11:13:21
End time     : 2024-08-07T11:13:24
Elapsed time : 00:00:03 (Timelimit=06:00:00)

Job ID: 6409655
Cluster: i5
User/Group: wp1g16/eb
State: COMPLETED (exit code 0)
Nodes: 1
Cores per node: 6
CPU Utilized: 00:00:02
CPU Efficiency: 11.11% of 00:00:18 core-walltime
Job Wall-clock time: 00:00:03
Memory Utilized: 2.55 MB
Memory Efficiency: 0.00% of 16.00 B

