Running SLURM prolog script on indigo59.cluster.local
===============================================================================
Job started on Mon Aug 12 10:06:42 BST 2024
Job ID          : 6432169
Job name        : Equil
WorkDir         : /mainfs/scratch/wp1g16/Grand/T4L99A/FreeEnergies/SolvateEquilComplex/Benzofuran_3
Command         : /mainfs/scratch/wp1g16/Grand/T4L99A/FreeEnergies/SolvateEquilComplex/Benzofuran_3/run_equil_iridis.sh
Partition       : gpu
Num hosts       : 1
Num cores       : 6
Num of tasks    : 1
Hosts allocated : indigo59
Job Output Follows ...
===============================================================================
=================================== SLURM JOB ===================================

The job will be started on the following node(s):
indigo59

Slurm User:         wp1g16
Run Directory:      /scratch/wp1g16/Grand/T4L99A/FreeEnergies/SolvateEquilComplex/Benzofuran_3
Job ID:             _
Job Name:           Equil
Partition:          gpu
Number of nodes:    1
Number of tasks:    1
Submitted From:     cyan51.cluster.local:/mainfs/scratch/wp1g16/Grand/T4L99A/FreeEnergies/SolvateEquilComplex/Benzofuran_3
=================================== SLURM JOB ===================================

--- SLURM job-script output ---
Free energy home directory set to /mainfs/scratch/wp1g16/Grand/T4L99A/FreeEnergies/SolvateEquilComplex/Benzofuran_3
1
0.514 [98.575, 128.146] [111.786, 116.235, -158.335]
Running on CUDA platform.
Minimizing energy
Adding Boresch restraints..
raA0 = 0.514 nm between atoms <Atom 2647 (C5) of chain 1 residue 166 (L02)> and <Atom 1564 (N) of chain 0 residue 99 (ALA)>
theta_A0 = 98.575 deg between [<Atom 2652 (H01) of chain 1 residue 166 (L02)>, <Atom 2647 (C5) of chain 1 residue 166 (L02)>, <Atom 1564 (N) of chain 0 residue 99 (ALA)>]
theta_B0 = 128.146 deg between [<Atom 2647 (C5) of chain 1 residue 166 (L02)>, <Atom 1564 (N) of chain 0 residue 99 (ALA)>, <Atom 1556 (C) of chain 0 residue 98 (ALA)>]
phi_A0 = 1.9510337576343812 rad between [<Atom 2644 (C2) of chain 1 residue 166 (L02)>, <Atom 2652 (H01) of chain 1 residue 166 (L02)>, <Atom 2647 (C5) of chain 1 residue 166 (L02)>, <Atom 1564 (N) of chain 0 residue 99 (ALA)>]
phi_B0 = 2.028683456055609 rad between [<Atom 2652 (H01) of chain 1 residue 166 (L02)>, <Atom 2647 (C5) of chain 1 residue 166 (L02)>, <Atom 1564 (N) of chain 0 residue 99 (ALA)>, <Atom 1556 (C) of chain 0 residue 98 (ALA)>]
phi_C0 = -2.7634670711452216 rad between [<Atom 2647 (C5) of chain 1 residue 166 (L02)>, <Atom 1564 (N) of chain 0 residue 99 (ALA)>, <Atom 1556 (C) of chain 0 residue 98 (ALA)>, <Atom 1555 (CA) of chain 0 residue 98 (ALA)>]
K_r = 10 kcal/(A**2 mol)
K_thetaA = 10 kcal/(mol rad**2)
K_thetaB = 10 kcal/(mol rad**2)
K_phiA = 10 kcal/(mol rad**2)
K_phiB = 10 kcal/(mol rad**2)
K_phiC = 10 kcal/(mol rad**2)
r_aA0 = 0.514 nm
theta_A0 = 1.7204583101534103 rad
theta_B0 = 2.236569623260653 rad
phi_A0 = 1.9510337576343812 rad
phi_B0 = 2.028683456055609 rad
phi_C0 = -2.7634670711452216 rad
Minimizing energy
Running NVT
Heating...
#"Step","Potential Energy (kJ/mole)","Temperature (K)","Box Volume (nm^3)","Time Remaining"
1000,-802431.2777537433,3.4493426465030135,494.17623588545615,--
2000,-804388.4082128594,2.9378902353070266,494.17623588545615,1:55:05
3000,-804798.209881607,3.4710691723402474,494.17623588545615,1:54:59
4000,-804781.1890748292,4.382635680396487,494.17623588545615,1:54:57
5000,-804577.4080554438,5.482043713635705,494.17623588545615,1:54:53
6000,-804297.0988504367,6.6488391597795005,494.17623588545615,1:54:51
7000,-803997.7502570604,7.779272621415786,494.17623588545615,1:54:46
8000,-803639.4372437205,8.930629665742728,494.17623588545615,1:54:44
9000,-803349.8541223251,10.188866987377018,494.17623588545615,1:54:41
10000,-803126.1059719827,11.372500093459806,494.17623588545615,1:54:40
11000,-802837.3174324497,12.596964502423171,494.17623588545615,1:54:39
12000,-802524.4807394799,13.720435888929735,494.17623588545615,1:54:38
13000,-802285.2704505338,14.835952076249399,494.17623588545615,1:54:47
14000,-802105.5758314498,16.150108000365215,494.17623588545615,1:54:45
15000,-801785.6275832625,17.303619709111576,494.17623588545615,1:54:43
16000,-801576.6934488036,18.548527125362575,494.17623588545615,1:54:42
17000,-801309.9860764616,19.715321112175594,494.17623588545615,1:54:40
18000,-800968.9292413706,20.627934337144925,494.17623588545615,1:54:39
19000,-800685.4832395329,22.080394335557866,494.17623588545615,1:54:38
20000,-800463.0718078688,22.95039087947016,494.17623588545615,1:54:37
21000,-800131.4410541747,24.502476571094178,494.17623588545615,1:54:37
22000,-799914.3296797536,25.531719110542944,494.17623588545615,1:54:36
23000,-799736.7370161929,26.46897313399652,494.17623588545615,1:54:35
24000,-799471.3998143652,27.742111232284742,494.17623588545615,1:54:34
25000,-799117.3012296436,29.032534054821287,494.17623588545615,1:54:33
26000,-798932.7510336004,30.32610696861497,494.17623588545615,1:54:34
27000,-798569.7973358207,31.50351022372442,494.17623588545615,1:54:34
28000,-798533.3925633656,32.72645657660344,494.17623588545615,1:54:33
29000,-798218.9402986886,34.021074881669776,494.17623588545615,1:54:32
30000,-798145.8636318292,35.14438300312207,494.17623588545615,1:54:31
31000,-798074.5985588832,36.071083422879,494.17623588545615,1:54:31
32000,-797919.0969789564,37.3152135523262,494.17623588545615,1:54:30
33000,-797733.7714969525,38.35162773214867,494.17623588545615,1:54:29
34000,-797325.8737123029,39.65336047541548,494.17623588545615,1:54:29
35000,-797339.4794936893,41.10884203964231,494.17623588545615,1:54:28
36000,-796839.3225256405,42.28186993210592,494.17623588545615,1:54:27
37000,-796712.3933380288,43.084622406502504,494.17623588545615,1:54:27
38000,-796479.7317873561,44.24542336886947,494.17623588545615,1:54:26
39000,-796217.4786385805,45.97912639162881,494.17623588545615,1:54:27
40000,-795939.9917167292,46.322039700798946,494.17623588545615,1:54:26
41000,-795478.395504802,48.04371814768779,494.17623588545615,1:54:25
42000,-795163.8173887315,49.25403788506804,494.17623588545615,1:54:25
43000,-794966.7400763857,50.205062558859886,494.17623588545615,1:54:25
44000,-794452.7760334755,51.16180958809585,494.17623588545615,1:54:24
45000,-794393.5549316839,52.660215034419956,494.17623588545615,1:54:24
46000,-793958.3387426534,53.336968633799756,494.17623588545615,1:54:24
47000,-793772.0008757352,54.77982027061241,494.17623588545615,1:54:23
48000,-793152.709141138,55.986298205391876,494.17623588545615,1:54:23
49000,-793022.9324906273,57.2091230528704,494.17623588545615,1:54:22
50000,-792767.3330311968,58.3852054876578,494.17623588545615,1:54:21
51000,-792565.3378177388,60.04284792429826,494.17623588545615,1:54:21
52000,-792286.948780044,61.11821017761506,494.17623588545615,1:54:20
53000,-792198.9515039441,62.672559054647195,494.17623588545615,1:54:20
54000,-791568.4279266689,63.610164586285514,494.17623588545615,1:54:20
55000,-791568.1099201571,64.53537846618323,494.17623588545615,1:54:19
56000,-791323.7898000204,65.55492591450859,494.17623588545615,1:54:19
57000,-790976.8111183408,67.12483151323566,494.17623588545615,1:54:19
58000,-790816.2581072678,67.78715103749757,494.17623588545615,1:54:19
59000,-790587.720011685,69.32550353553631,494.17623588545615,1:54:19
60000,-789888.8790135181,70.30818701874507,494.17623588545615,1:54:19
61000,-789516.1613197625,71.52063628956296,494.17623588545615,1:54:20
62000,-789326.2484643273,72.74017190494483,494.17623588545615,1:54:20
63000,-789282.7178592309,74.30582059146239,494.17623588545615,1:54:20
64000,-789008.7134911497,75.09748746113415,494.17623588545615,1:54:21
65000,-788529.6676670886,76.60483349504486,494.17623588545615,1:54:20
66000,-788188.1487199282,77.5008698148582,494.17623588545615,1:54:21
67000,-788463.6586636903,78.62305509590941,494.17623588545615,1:54:21
68000,-787889.359440825,79.59795199704863,494.17623588545615,1:54:22
69000,-787676.9611364193,81.05677212291043,494.17623588545615,1:54:22
70000,-787356.2863879565,82.24618920906899,494.17623588545615,1:54:23
71000,-787289.6018082199,83.42930101388508,494.17623588545615,1:54:23
72000,-786843.7995455954,84.9658781456478,494.17623588545615,1:54:23
73000,-786453.3031643215,85.65802565072705,494.17623588545615,1:54:23
74000,-785985.0235841803,87.67510025595013,494.17623588545615,1:54:24
75000,-785354.2003291331,87.62306930097569,494.17623588545615,1:54:24
76000,-785433.6564488539,89.59854945603442,494.17623588545615,1:54:24
Traceback (most recent call last):
  File "/home/wp1g16/gcmc_scripts/FreeEnergy_calculations/solvate_equilibrate.py", line 113, in <module>
    simulation.step(1)
  File "/scratch/wp1g16/miniconda3/envs/OMM8.0/lib/python3.9/site-packages/openmm/app/simulation.py", line 141, in step
    self._simulate(endStep=self.currentStep+steps)
  File "/scratch/wp1g16/miniconda3/envs/OMM8.0/lib/python3.9/site-packages/openmm/app/simulation.py", line 210, in _simulate
    self.integrator.step(stepsToGo)
  File "/scratch/wp1g16/miniconda3/envs/OMM8.0/lib/python3.9/site-packages/openmm/openmm.py", line 13583, in step
    return _openmm.CustomIntegrator_step(self, steps)
openmm.OpenMMException: Particle coordinate is NaN.  For more information, see https://github.com/openmm/openmm/wiki/Frequently-Asked-Questions#nan
Job Done
==============================================================================
Running epilogue script on indigo59.

Submit time  : 2024-08-12T10:06:19
Start time   : 2024-08-12T10:06:41
End time     : 2024-08-12T10:10:31
Elapsed time : 00:03:50 (Timelimit=06:00:00)

Job ID: 6432169
Cluster: i5
User/Group: wp1g16/eb
State: COMPLETED (exit code 0)
Nodes: 1
Cores per node: 6
CPU Utilized: 00:02:44
CPU Efficiency: 11.88% of 00:23:00 core-walltime
Job Wall-clock time: 00:03:50
Memory Utilized: 645.50 MB
Memory Efficiency: 0.00% of 16.00 B

