Warning: importing 'simtk.openmm' is deprecated.  Import 'openmm' instead.
Warning on use of the timeseries module: If the inherent timescales of the system are long compared to those being analyzed, this statistical inefficiency may be an underestimate.  The estimate presumes the use of many statistically independent samples.  Tests should be performed to assess whether this condition is satisfied.   Be cautious in the interpretation of the data.

****** PyMBAR will use 64-bit JAX! *******
* JAX is currently set to 32-bit bitsize *
* which is its default.                  *
*                                        *
* PyMBAR requires 64-bit mode and WILL   *
* enable JAX's 64-bit mode when called.  *
*                                        *
* This MAY cause problems with other     *
* Uses of JAX in the same code.          *
******************************************

Hi. This is the current implementation of GCMC/GCNCMC for small        molecule ligands. While this will workwith water molecules as well, the original implementation can be               found at: https://github.com/essex-lab/grand
If you are only interested in water simulations, we recommend using the original implementation while this module undergoes more extensive testing.
Astex Branch!!!
['../Benzene_H.pdb']
Setting up sphere sampler object...
Running on <openmm.openmm.Platform; proxy of <Swig Object of type 'OpenMM::Platform *' at 0x7f64c27d2700> > platform.
Initialising...
Minimising...
Equilibration...
#"Step","Time (ps)","Potential Energy (kJ/mole)","Temperature (K)","Box Volume (nm^3)","Density (g/mL)"
500,1.0000000000000007,-453969.2063796646,228.4503115104419,303.068283187968,1.0292348078413047
1000,2.0000000000000013,-438517.55479531223,261.3465142239497,303.068283187968,1.0292348078413047
1500,2.999999999999891,-429817.8739522868,276.9913135771885,303.068283187968,1.0292348078413047
Inserting Mol: 9431 at: [4.66298984 3.64581933 3.29877843] nm. 5.784488551826216 A A from the sphere center. In sphere = True
77000,154.00000000000722,-425056.0347088708,287.8049457384166,303.068283187968,1.0292348078413047
Inserting Mol: 9431 at: [3.85215945 4.43227909 3.62544533] nm. 6.328752142888663 A A from the sphere center. In sphere = True
152500,305.0000000007282,-418612.0821898754,294.3169532676156,303.068283187968,1.0292348078413047
228000,456.0000000014492,-419613.9667628787,295.6181885382447,303.068283187968,1.0292348078413047
Inserting Mol: 9435 at: [4.15303964 3.33441762 4.14781771] nm. 7.065882901937249 A A from the sphere center. In sphere = True
303500,606.9999999994701,-418856.3250911017,292.8789721626356,303.068283187968,1.0292348078413047
Inserting Mol: 9424 at: [3.9055818  4.41663645 3.35361051] nm. 7.803738080864945 A A from the sphere center. In sphere = True
379000,757.9999999958994,-419734.91682767915,293.99135281321156,303.068283187968,1.0292348078413047
454500,908.9999999923288,-418312.2622167296,295.4576286695481,303.068283187968,1.0292348078413047
530000,1059.9999999887582,-419855.92908189446,295.3368741156496,303.068283187968,1.0292348078413047
Inserting Mol: 9424 at: [4.04119173 3.98559877 3.28024434] nm. 4.240225055867706 A A from the sphere center. In sphere = True
605500,1210.9999999851875,-419507.57422072184,295.6653701767542,303.068283187968,1.0292348078413047
Inserting Mol: 9422 at: [4.25502423 4.00109495 4.23596109] nm. 7.447537468271385 A A from the sphere center. In sphere = True
681000,1361.9999999816168,-419186.4596628146,295.2454381121658,303.068283187968,1.0292348078413047
Inserting Mol: 9440 at: [4.06129008 3.98613422 3.53436983] nm. 2.975837941882146 A A from the sphere center. In sphere = True
756500,1512.9999999780462,-419239.0174893392,293.6842987785191,303.068283187968,1.0292348078413047
Inserting Mol: 9441 at: [4.61298645 3.57461509 4.11027619] nm. 7.621930432099394 A A from the sphere center. In sphere = True
832000,1663.9999999744755,-418680.2432552073,296.352522104627,303.068283187968,1.0292348078413047
907500,1814.9999999709048,-418859.3757314887,296.5772034371097,303.068283187968,1.0292348078413047
983000,1965.9999999673341,-418861.5662814267,294.96150361946883,303.068283187968,1.0292348078413047
1058500,2116.9999999637635,-419333.4285895738,292.81490950305783,303.068283187968,1.0292348078413047
Inserting Mol: 9432 at: [4.33813347 3.63836262 3.0378066 ] nm. 5.880249280110821 A A from the sphere center. In sphere = True
1134000,2267.999999960193,-419863.6000303072,293.95276251270866,303.068283187968,1.0292348078413047
1209500,2418.999999956622,-419033.0095195605,294.4837926043636,303.068283187968,1.0292348078413047
Inserting Mol: 9434 at: [4.25423142 3.64876107 3.90236535] nm. 3.6805004730344573 A A from the sphere center. In sphere = True
1285000,2569.9999999530514,-419717.7140323608,296.8498923358614,303.068283187968,1.0292348078413047
Inserting Mol: 9434 at: [4.33697746 4.34960335 3.617833  ] nm. 7.482863884716652 A A from the sphere center. In sphere = True
1360500,2720.9999999494808,-419382.0713421472,296.2922496504015,303.068283187968,1.0292348078413047
Inserting Mol: 9427 at: [4.39447924 3.53035233 3.55800174] nm. 3.612441525725909 A A from the sphere center. In sphere = True
1436000,2871.99999994591,-420117.9614435551,295.0178947171506,303.068283187968,1.0292348078413047
Inserting Mol: 9434 at: [4.562209   3.99799024 3.19480082] nm. 7.135976019226614 A A from the sphere center. In sphere = True
1511500,3022.9999999423394,-418884.2699526483,294.08623804539025,303.068283187968,1.0292348078413047
1587000,3173.9999999387687,-418596.26257296745,294.32519164361815,303.068283187968,1.0292348078413047
Inserting Mol: 9428 at: [4.13124927 3.98875319 3.31089348] nm. 4.115453356049449 A A from the sphere center. In sphere = True
1662500,3324.999999935198,-418355.7952705943,296.1903627536427,303.068283187968,1.0292348078413047
1738000,3475.9999999316274,-419701.5474550226,298.70472400547834,303.068283187968,1.0292348078413047
Inserting Mol: 9439 at: [4.13328244 3.00470663 3.27641428] nm. 7.2886074689793725 A A from the sphere center. In sphere = True
1813500,3626.9999999280567,-419276.475068287,291.9275135659457,303.068283187968,1.0292348078413047
1889000,3777.999999924486,-419333.5746266623,296.20202249859307,303.068283187968,1.0292348078413047
1964500,3928.9999999209153,-418691.8924782609,298.00993097945815,303.068283187968,1.0292348078413047
Inserting Mol: 9438 at: [4.46571095 4.10963981 3.95230882] nm. 6.782294351850494 A A from the sphere center. In sphere = True
2040000,4079.9999999173447,-419074.01779929455,298.18464709493986,303.068283187968,1.0292348078413047
Inserting Mol: 9424 at: [4.72818862 3.66168859 3.96799374] nm. 7.558531388554456 A A from the sphere center. In sphere = True
2115500,4230.999999944469,-418900.3315213891,295.04970087493024,303.068283187968,1.0292348078413047
Inserting Mol: 9422 at: [4.74771055 3.89025928 3.34282258] nm. 7.559590623843603 A A from the sphere center. In sphere = True
2191000,4381.999999975232,-418634.0168987452,294.7472326319308,303.068283187968,1.0292348078413047
Inserting Mol: 9438 at: [4.48151751 3.71762589 2.96793396] nm. 7.398675175509578 A A from the sphere center. In sphere = True
2266500,4533.0000000059945,-419222.43780573946,297.3569368284197,303.068283187968,1.0292348078413047
Inserting Mol: 9427 at: [4.54409794 3.73035478 3.96879295] nm. 5.829716717930927 A A from the sphere center. In sphere = True
2342000,4684.000000036757,-418933.9798259209,294.5497245919777,303.068283187968,1.0292348078413047
2417500,4835.00000006752,-420160.6012601161,295.9367040874286,303.068283187968,1.0292348078413047
2493000,4986.000000098283,-418729.7036272639,295.1422076752443,303.068283187968,1.0292348078413047
2568500,5137.0000001290455,-418867.86623922223,296.6310244918009,303.068283187968,1.0292348078413047
2644000,5288.000000159808,-418600.1807556802,293.4838492778192,303.068283187968,1.0292348078413047
Inserting Mol: 9438 at: [3.93337494 3.27060403 3.73775684] nm. 4.376593327246551 A A from the sphere center. In sphere = True
2719500,5439.000000190571,-418274.60341011523,296.2257555575664,303.068283187968,1.0292348078413047
2795000,5590.000000221334,-418144.8342465167,296.1920559724841,303.068283187968,1.0292348078413047
Inserting Mol: 9427 at: [3.96958166 3.83722009 3.04280216] nm. 5.317407375986139 A A from the sphere center. In sphere = True
2870500,5741.0000002520965,-419167.0709707956,291.99603749176725,303.068283187968,1.0292348078413047
2946000,5892.000000282859,-419120.2569255,296.5967335631141,303.068283187968,1.0292348078413047
3021500,6043.000000313622,-418743.52934975293,295.11165545039194,303.068283187968,1.0292348078413047
Inserting Mol: 9432 at: [3.93122571 3.80341608 2.86881603] nm. 7.281765220704826 A A from the sphere center. In sphere = True
3097000,6194.000000344385,-418418.9518265184,294.03864882689174,303.068283187968,1.0292348078413047
3172500,6345.0000003751475,-418623.5650140061,294.2021329597976,303.068283187968,1.0292348078413047
Inserting Mol: 9427 at: [4.67953492 3.51324414 3.27887069] nm. 6.715969146040815 A A from the sphere center. In sphere = True
3248000,6496.00000040591,-418230.8237843951,295.3545860172135,303.068283187968,1.0292348078413047
3323500,6647.000000436673,-418764.9291631896,296.48884974179526,303.068283187968,1.0292348078413047
3399000,6798.000000467436,-419081.5259334862,299.63452419019933,303.068283187968,1.0292348078413047
3474500,6949.0000004981985,-419015.40235835616,295.02945296384473,303.068283187968,1.0292348078413047
3550000,7100.000000528961,-419596.437989688,292.73200822413867,303.068283187968,1.0292348078413047
Inserting Mol: 9425 at: [4.12642127 3.6699196  3.37358379] nm. 1.626073671064832 A A from the sphere center. In sphere = True
3625500,7251.000000559724,-419001.1663353243,295.22578801612156,303.068283187968,1.0292348078413047
Inserting Mol: 9440 at: [3.87285978 3.7367748  3.29645462] nm. 3.5715105818729493 A A from the sphere center. In sphere = True
3701000,7402.000000590487,-418891.11818064563,297.02737409459723,303.068283187968,1.0292348078413047
3776500,7553.0000006212495,-419145.0501824769,294.6360189216247,303.068283187968,1.0292348078413047
Inserting Mol: 9432 at: [3.87863534 4.30169834 3.62825544] nm. 6.954222241226975 A A from the sphere center. In sphere = True
3852000,7704.000000652012,-419061.8073860451,294.22214627077756,303.068283187968,1.0292348078413047
3927500,7855.000000682775,-418208.00330003956,295.04697819695673,303.068283187968,1.0292348078413047
Inserting Mol: 9429 at: [3.80011968 4.2303294  3.68352071] nm. 6.771642167801426 A A from the sphere center. In sphere = True
4003000,8006.000000713538,-418687.8467183965,295.9286216311161,303.068283187968,1.0292348078413047
Inserting Mol: 9423 at: [4.23713881 3.32550727 4.24731623] nm. 7.60572991157098 A A from the sphere center. In sphere = True
4078500,8157.0000007443,-418830.04239840107,296.69142535278996,303.068283187968,1.0292348078413047
4154000,8308.000000775062,-418223.1024488192,296.59028237592366,303.068283187968,1.0292348078413047
Inserting Mol: 9432 at: [4.28682695 3.62726097 4.13494911] nm. 5.976971932767245 A A from the sphere center. In sphere = True
4229500,8459.000000805825,-418595.0652680984,296.2158072789382,303.068283187968,1.0292348078413047
4305000,8610.000000836588,-419156.14639828703,298.55143570523336,303.068283187968,1.0292348078413047
Inserting Mol: 9435 at: [4.29511698 4.12563958 3.08125319] nm. 6.824977900500469 A A from the sphere center. In sphere = True
4380500,8761.00000086735,-418682.5889394034,293.0286164539989,303.068283187968,1.0292348078413047
Inserting Mol: 9439 at: [4.38159168 3.17135576 3.82551198] nm. 6.063314289598381 A A from the sphere center. In sphere = True
4456000,8912.000000898113,-418764.8101178901,292.5923687325646,303.068283187968,1.0292348078413047
Inserting Mol: 9437 at: [4.02527429 4.1441627  2.99762395] nm. 7.346494713583677 A A from the sphere center. In sphere = True
4531500,9063.000000928876,-419372.73667959194,296.1646089146246,303.068283187968,1.0292348078413047
Inserting Mol: 9434 at: [3.869868   3.4674372  3.40514815] nm. 2.876987008907279 A A from the sphere center. In sphere = True
4607000,9214.000000959639,-418158.8663100363,295.5693476789251,303.068283187968,1.0292348078413047
Inserting Mol: 9441 at: [4.44630643 3.85132516 3.8367535 ] nm. 6.609588859549587 A A from the sphere center. In sphere = True
4682500,9365.000000990402,-419477.1924957086,296.48129992623575,303.068283187968,1.0292348078413047
4758000,9516.000001021164,-419792.630103569,295.41120075055693,303.068283187968,1.0292348078413047
4833500,9667.000001051927,-418706.5269940817,292.9953907316264,303.068283187968,1.0292348078413047
Inserting Mol: 9441 at: [4.30932069 3.92254079 3.06617074] nm. 5.488138961877807 A A from the sphere center. In sphere = True
4909000,9818.00000108269,-417694.458424089,294.36580293857367,303.068283187968,1.0292348078413047
Inserting Mol: 9427 at: [3.70817652 4.18559633 3.04998974] nm. 6.86329390257001 A A from the sphere center. In sphere = True
4984500,9969.000001113453,-419127.46164405416,295.2955983177519,303.068283187968,1.0292348078413047
Inserting Mol: 9437 at: [3.79637896 4.02614523 3.1382413 ] nm. 4.902781626929343 A A from the sphere center. In sphere = True
5060000,10120.000001144215,-419428.8979084189,295.2315195576327,303.068283187968,1.0292348078413047
5135500,10271.000001174978,-419462.4672077198,292.2954640073066,303.068283187968,1.0292348078413047
Inserting Mol: 9422 at: [4.05804327 3.77427222 3.90128296] nm. 4.9692487453842284 A A from the sphere center. In sphere = True
5211000,10422.00000120574,-418985.1355375929,293.90135673160694,303.068283187968,1.0292348078413047
Inserting Mol: 9433 at: [4.68547154 3.79884989 3.55387063] nm. 7.42119189121301 A A from the sphere center. In sphere = True
5286500,10573.000001236504,-420245.3649058826,295.1354011404241,303.068283187968,1.0292348078413047
Inserting Mol: 9433 at: [3.7039526  3.23039983 3.6778644 ] nm. 5.728456104254337 A A from the sphere center. In sphere = True
5362000,10724.000001267266,-419885.2905248834,293.48009915273957,303.068283187968,1.0292348078413047
Inserting Mol: 9440 at: [4.38382548 3.75069407 3.77839927] nm. 5.803591657899215 A A from the sphere center. In sphere = True
5437500,10875.000001298029,-418918.90035637957,295.27700096543987,303.068283187968,1.0292348078413047
Inserting Mol: 9441 at: [4.38363231 3.21242787 3.58221091] nm. 6.384789404266733 A A from the sphere center. In sphere = True
5513000,11026.000001328792,-418574.28445910313,296.6711385638684,303.068283187968,1.0292348078413047
5588500,11177.000001359555,-418479.3413733798,295.7654522643537,303.068283187968,1.0292348078413047
Inserting Mol: 9429 at: [4.40094931 3.94503763 3.61016957] nm. 4.795744735506853 A A from the sphere center. In sphere = True
5664000,11328.000001390317,-419150.3817160388,294.3741459040568,303.068283187968,1.0292348078413047
5739500,11479.00000142108,-418235.07269456657,293.05957354867394,303.068283187968,1.0292348078413047
Inserting Mol: 9437 at: [4.50852196 3.19228377 3.43940189] nm. 6.971956158232642 A A from the sphere center. In sphere = True
5815000,11630.000001451843,-419604.801922753,293.1448239258806,303.068283187968,1.0292348078413047
5890500,11781.000001482606,-419285.3228986403,295.05193405158934,303.068283187968,1.0292348078413047
Inserting Mol: 9435 at: [3.74673744 3.45869886 2.86528182] nm. 6.873390150608788 A A from the sphere center. In sphere = True
5966000,11932.000001513368,-418660.73294826783,297.5980095614627,303.068283187968,1.0292348078413047
6041500,12083.000001544131,-418466.02305594366,294.9750509424033,303.068283187968,1.0292348078413047
6117000,12234.000001574894,-418658.4184025116,293.37275491666446,303.068283187968,1.0292348078413047
6192500,12385.000001605657,-419042.4941140984,298.1188587647414,303.068283187968,1.0292348078413047
Inserting Mol: 9439 at: [3.85778593 3.86015591 3.99189517] nm. 5.6593097798153735 A A from the sphere center. In sphere = True
6268000,12536.00000163642,-419051.0091086067,296.8335046420612,303.068283187968,1.0292348078413047
Inserting Mol: 9423 at: [4.29266789 4.11897181 3.4828673 ] nm. 5.07791957327041 A A from the sphere center. In sphere = True
6343500,12687.000001667182,-419347.5369525524,294.80271759463244,303.068283187968,1.0292348078413047
Inserting Mol: 9432 at: [4.2910385  3.76249257 3.59324089] nm. 3.250146601529702 A A from the sphere center. In sphere = True
6419000,12838.000001697945,-419751.4889089521,295.3544132582807,303.068283187968,1.0292348078413047
6494500,12989.000001728708,-419139.85965280933,293.21248598462915,303.068283187968,1.0292348078413047
Inserting Mol: 9429 at: [4.09161958 4.152252   4.11614718] nm. 7.826312946235494 A A from the sphere center. In sphere = True
6570000,13140.00000175947,-419902.60191297415,296.66362601192145,303.068283187968,1.0292348078413047
6645500,13291.000001790233,-418778.9973481996,294.3407059409023,303.068283187968,1.0292348078413047
Inserting Mol: 9430 at: [4.3558773  3.5605774  2.92837168] nm. 6.48424736999708 A A from the sphere center. In sphere = True
6721000,13442.000001820996,-419112.88070456637,294.5471079623274,303.068283187968,1.0292348078413047
Inserting Mol: 9424 at: [3.46970672 3.42991984 3.39327849] nm. 6.097616479953185 A A from the sphere center. In sphere = True
6796500,13593.000001851758,-418932.0198399238,295.38785958646355,303.068283187968,1.0292348078413047
6872000,13744.000001882521,-417738.4325863039,295.6833254708719,303.068283187968,1.0292348078413047
Inserting Mol: 9422 at: [3.88790892 3.87030542 2.76073506] nm. 7.143431112174177 A A from the sphere center. In sphere = True
6947500,13895.000001913284,-418443.9651128296,295.8233464738384,303.068283187968,1.0292348078413047
7023000,14046.000001944047,-418228.41477255453,293.8919411570021,303.068283187968,1.0292348078413047
7098500,14197.00000197481,-419748.3675173451,296.13885624986096,303.068283187968,1.0292348078413047
Inserting Mol: 9438 at: [4.14516682 3.67850429 3.73889498] nm. 3.604466848165545 A A from the sphere center. In sphere = True
7174000,14348.000002005572,-419690.4647588616,294.1808972918243,303.068283187968,1.0292348078413047
7249500,14499.000002036335,-419243.8516851817,292.6641815529459,303.068283187968,1.0292348078413047
7325000,14650.000002067098,-418360.67779629864,291.677747331585,303.068283187968,1.0292348078413047
7400500,14801.00000209786,-419491.7529974519,295.65673608545586,303.068283187968,1.0292348078413047
7476000,14952.000002128623,-418317.01049871324,293.79055445209855,303.068283187968,1.0292348078413047
Inserting Mol: 9438 at: [3.93343125 3.97361344 3.6881913 ] nm. 3.672191955432463 A A from the sphere center. In sphere = True
7551500,15103.000002159386,-418399.8071646639,295.37013202672813,303.068283187968,1.0292348078413047
7627000,15254.000002190149,-419483.06008466985,297.4299434415775,303.068283187968,1.0292348078413047
Inserting Mol: 9426 at: [4.59730765 3.81196102 3.47140747] nm. 6.4148314487401334 A A from the sphere center. In sphere = True
7702500,15405.000002220911,-418117.6572547336,296.15157912153904,303.068283187968,1.0292348078413047
Inserting Mol: 9432 at: [3.63800702 3.80759041 2.91492159] nm. 6.496239206449147 A A from the sphere center. In sphere = True
7778000,15556.000002251674,-418173.51890399493,292.33750555506316,303.068283187968,1.0292348078413047
Inserting Mol: 9432 at: [4.20120414 4.13193386 3.55575494] nm. 4.940786119206041 A A from the sphere center. In sphere = True
7853500,15707.000002282437,-418590.8433676602,293.00485829852215,303.068283187968,1.0292348078413047
Inserting Mol: 9422 at: [4.34176069 3.47810298 3.10565005] nm. 5.328244364510889 A A from the sphere center. In sphere = True
7929000,15858.0000023132,-418907.00409677695,289.70865568979355,303.068283187968,1.0292348078413047
Inserting Mol: 9435 at: [4.36740117 3.25800499 3.38716118] nm. 6.029539652508973 A A from the sphere center. In sphere = True
8004500,16009.000002343962,-418927.0402494159,295.3562496964316,303.068283187968,1.0292348078413047
Inserting Mol: 9435 at: [3.90944916 3.50476389 2.77230398] nm. 6.998077998914128 A A from the sphere center. In sphere = True
8080000,16160.000002374725,-418586.126912632,297.319473820987,303.068283187968,1.0292348078413047
8155500,16311.000002405488,-418113.55171912257,297.6143491110103,303.068283187968,1.0292348078413047
Inserting Mol: 9424 at: [3.8523693  3.41084762 2.72978073] nm. 7.452782061748589 A A from the sphere center. In sphere = True
8231000,16462.00000243625,-419140.25590291177,292.99734686836166,303.068283187968,1.0292348078413047
Inserting Mol: 9439 at: [4.65909616 3.76170549 3.28452683] nm. 7.152315556259649 A A from the sphere center. In sphere = True
8306500,16613.00000246701,-418947.171679161,293.96330285807863,303.068283187968,1.0292348078413047
8382000,16764.000002497774,-418887.55853322055,294.0014903742667,303.068283187968,1.0292348078413047
Inserting Mol: 9435 at: [4.62056004 3.73336693 3.03134758] nm. 7.81024044796084 A A from the sphere center. In sphere = True
8457500,16915.000002528537,-419595.0382913244,294.26662704620924,303.068283187968,1.0292348078413047
8533000,17066.0000025593,-419459.1240298096,294.3806689578326,303.068283187968,1.0292348078413047
Inserting Mol: 9425 at: [3.55924953 3.51023418 2.94825157] nm. 6.59397506201896 A A from the sphere center. In sphere = True
8608500,17217.000002590063,-419514.46590063535,296.37599640478743,303.068283187968,1.0292348078413047
8684000,17368.000002620825,-418607.48084873427,293.7735455966127,303.068283187968,1.0292348078413047
8759500,17519.000002651588,-418375.66828128183,294.9950337775593,303.068283187968,1.0292348078413047
Inserting Mol: 9433 at: [3.65513461 3.46515185 3.16974581] nm. 5.045134240150931 A A from the sphere center. In sphere = True
8835000,17670.00000268235,-419398.3631466122,296.174356364327,303.068283187968,1.0292348078413047
Inserting Mol: 9422 at: [4.41935871 3.71102025 3.56114024] nm. 4.303901663431991 A A from the sphere center. In sphere = True
8910500,17821.000002713114,-419374.11976567423,296.9327231578631,303.068283187968,1.0292348078413047
8986000,17972.000002743876,-419161.6324404178,298.10204683722617,303.068283187968,1.0292348078413047
Inserting Mol: 9429 at: [3.532301   3.96973212 3.10809524] nm. 6.104587109888825 A A from the sphere center. In sphere = True
9061500,18123.00000277464,-419118.67808653903,296.2280857212734,303.068283187968,1.0292348078413047
9137000,18274.000002805402,-418478.2541630948,293.7502779139995,303.068283187968,1.0292348078413047
9212500,18425.000002836165,-419380.3498344482,295.66321130177636,303.068283187968,1.0292348078413047
Inserting Mol: 9422 at: [4.39893683 4.02760726 3.74184721] nm. 6.152000066275685 A A from the sphere center. In sphere = True
9288000,18576.000002866927,-419834.8676521899,296.00867996463353,303.068283187968,1.0292348078413047
9363500,18727.00000289769,-418863.6951748198,295.3412332174601,303.068283187968,1.0292348078413047
9439000,18878.000002928453,-418641.66195842717,295.8486943432032,303.068283187968,1.0292348078413047
9514500,19029.000002959216,-419378.83046033,298.4554406832451,303.068283187968,1.0292348078413047
Inserting Mol: 9435 at: [4.186484   3.58153424 3.7840634 ] nm. 4.342784055984859 A A from the sphere center. In sphere = True
9590000,19180.00000298998,-419634.2213202594,296.75250504817456,303.068283187968,1.0292348078413047
9665500,19331.00000302074,-419217.75606540404,295.8406647292829,303.068283187968,1.0292348078413047
Inserting Mol: 9438 at: [3.45070819 3.66825088 4.01963251] nm. 7.869840225821793 A A from the sphere center. In sphere = True
9741000,19482.000003051504,-419155.96255214326,296.7558660548689,303.068283187968,1.0292348078413047
9816500,19633.000003082267,-419242.9151624306,297.7770050802182,303.068283187968,1.0292348078413047
9892000,19784.00000311303,-418237.4383671642,290.74246100039994,303.068283187968,1.0292348078413047
Inserting Mol: 9430 at: [3.57754788 3.83108522 2.72992264] nm. 7.922906222561776 A A from the sphere center. In sphere = True
9967500,19935.000003143792,-418512.3189021351,294.8925407278953,303.068283187968,1.0292348078413047
10043000,20086.000003174555,-418793.18982415274,290.8682117150773,303.068283187968,1.0292348078413047
Inserting Mol: 9423 at: [4.05665245 3.81354425 3.10338348] nm. 3.7587365886805677 A A from the sphere center. In sphere = True
10118500,20237.000003205318,-418706.81918493146,294.64594036285877,303.068283187968,1.0292348078413047
Inserting Mol: 9438 at: [3.81184166 3.65445136 3.29267117] nm. 1.9958836489218295 A A from the sphere center. In sphere = True
10194000,20388.00000323608,-418885.68205054547,297.02326456777973,303.068283187968,1.0292348078413047
10269500,20539.000003266843,-418470.45573994284,296.76698533323514,303.068283187968,1.0292348078413047
10345000,20690.000003297606,-418754.42443730077,295.6620653379965,303.068283187968,1.0292348078413047
10420500,20841.00000332837,-418601.93399258517,296.32102617958907,303.068283187968,1.0292348078413047
10496000,20992.00000335913,-418090.978566987,292.80826997876187,303.068283187968,1.0292348078413047
Inserting Mol: 9424 at: [3.84890304 3.091369   3.68733407] nm. 6.821127482353934 A A from the sphere center. In sphere = True
10571500,21143.000003389894,-418469.7015973504,294.2385220099908,303.068283187968,1.0292348078413047
Inserting Mol: 9441 at: [3.56983592 3.60334257 4.13798681] nm. 7.940967363818248 A A from the sphere center. In sphere = True
10647000,21294.000003420657,-418061.85026506847,296.3695778738811,303.068283187968,1.0292348078413047
Inserting Mol: 9425 at: [4.36168569 3.88144994 3.23126601] nm. 4.913282553934476 A A from the sphere center. In sphere = True
10722500,21445.00000345142,-418864.3750818861,296.1508720043225,303.068283187968,1.0292348078413047
10798000,21596.000003482182,-418341.588148694,292.1230193637592,303.068283187968,1.0292348078413047
Inserting Mol: 9437 at: [4.07052716 4.01015653 2.80645666] nm. 7.150572344540348 A A from the sphere center. In sphere = True
10873500,21747.000003512945,-419154.2356184432,295.18619313284375,303.068283187968,1.0292348078413047
Inserting Mol: 9429 at: [4.14095293 4.21874784 3.19048444] nm. 5.71998350098966 A A from the sphere center. In sphere = True
10949000,21898.000003543708,-418569.3183817717,292.51624534683276,303.068283187968,1.0292348078413047
Inserting Mol: 9432 at: [3.84298457 4.38212032 3.19282469] nm. 7.07420793490308 A A from the sphere center. In sphere = True
11024500,22049.00000357447,-419006.17855799966,296.03599143013486,303.068283187968,1.0292348078413047
11100000,22200.000003605233,-418443.59336635144,295.70401998683207,303.068283187968,1.0292348078413047
Inserting Mol: 9424 at: [4.10401962 3.71468244 2.63255695] nm. 7.928680246426133 A A from the sphere center. In sphere = True
11175500,22351.000003635996,-418395.1274909305,296.0025650637058,303.068283187968,1.0292348078413047
11251000,22502.00000366676,-419859.9522665837,293.12566198881854,303.068283187968,1.0292348078413047
Inserting Mol: 9425 at: [4.18342814 4.39225954 3.1713366 ] nm. 7.654856021222015 A A from the sphere center. In sphere = True
11326500,22653.00000369752,-418383.4614298362,295.56842942673785,303.068283187968,1.0292348078413047
11402000,22804.000003728284,-419073.22731034225,293.4608064320579,303.068283187968,1.0292348078413047
Inserting Mol: 9439 at: [3.73652299 4.04767355 3.52335671] nm. 4.122750898700675 A A from the sphere center. In sphere = True
11477500,22955.000003759047,-419086.22461758554,294.5749841361751,303.068283187968,1.0292348078413047
11553000,23106.00000378981,-419475.5876887585,296.50267743603257,303.068283187968,1.0292348078413047
11628500,23257.000003820573,-418737.1045835484,295.8501645737576,303.068283187968,1.0292348078413047
11704000,23408.000003851335,-418644.5330340741,295.6786060382104,303.068283187968,1.0292348078413047
11779500,23559.000003882098,-418451.572713288,294.9097690998496,303.068283187968,1.0292348078413047
11855000,23710.00000391286,-417930.9352260465,292.9648734789413,303.068283187968,1.0292348078413047
Inserting Mol: 9430 at: [4.65599981 3.85251744 3.39597143] nm. 7.021741063639826 A A from the sphere center. In sphere = True
11930500,23861.000003943624,-418528.5154949215,296.5309008883986,303.068283187968,1.0292348078413047
Inserting Mol: 9425 at: [4.21085086 4.0335247  3.30816496] nm. 4.318474587883781 A A from the sphere center. In sphere = True
12006000,24012.000003974386,-418101.5086564771,295.1151762524602,303.068283187968,1.0292348078413047
12081500,24163.00000400515,-419154.262373758,294.28106473469853,303.068283187968,1.0292348078413047
Inserting Mol: 9423 at: [3.98088239 4.31122124 3.13841279] nm. 6.881131382611656 A A from the sphere center. In sphere = True
12157000,24314.000004035912,-420365.4441814991,295.1603423018376,303.068283187968,1.0292348078413047
12232500,24465.000004066675,-420497.20598860784,296.1844612945865,303.068283187968,1.0292348078413047
Inserting Mol: 9439 at: [3.87686714 3.64417028 3.53972374] nm. 1.4478140614510677 A A from the sphere center. In sphere = True
12308000,24616.000004097437,-419951.9406235502,293.19100372916466,303.068283187968,1.0292348078413047
12383500,24767.0000041282,-419017.1647096779,294.06881537722944,303.068283187968,1.0292348078413047
12459000,24918.000004158963,-417967.4664686397,292.3217652508755,303.068283187968,1.0292348078413047
Inserting Mol: 9426 at: [3.85200658 3.92326494 2.72514462] nm. 7.661293071325197 A A from the sphere center. In sphere = True
12534500,25069.000004189726,-418284.4372719836,295.74645285437975,303.068283187968,1.0292348078413047
Inserting Mol: 9435 at: [3.31261499 4.03516718 3.40699358] nm. 7.226902597640921 A A from the sphere center. In sphere = True
12610000,25220.00000422049,-419116.7213374253,297.6249273401425,303.068283187968,1.0292348078413047
Inserting Mol: 9427 at: [3.76023446 3.75011825 2.7343141 ] nm. 7.245342395511969 A A from the sphere center. In sphere = True
12685500,25371.00000425125,-419088.13040006394,296.04977409421514,303.068283187968,1.0292348078413047
Inserting Mol: 9428 at: [3.37729322 3.56897561 3.87958954] nm. 7.214432354743783 A A from the sphere center. In sphere = True
12761000,25522.000004282014,-419318.5155926733,296.89739195738366,303.068283187968,1.0292348078413047
12836500,25673.000004312777,-418319.0964441071,292.20067843858584,303.068283187968,1.0292348078413047
12912000,25824.00000434354,-418022.2109979107,295.0319657593037,303.068283187968,1.0292348078413047
12987500,25975.000004374302,-418624.41793550854,295.94799672496566,303.068283187968,1.0292348078413047
Inserting Mol: 9427 at: [4.54347977 3.7786788  3.59179216] nm. 6.25243461868958 A A from the sphere center. In sphere = True
13063000,26126.000004405065,-418408.40637149825,295.49707074312863,303.068283187968,1.0292348078413047
Inserting Mol: 9429 at: [3.75437755 3.99616702 2.75450999] nm. 7.953188790699805 A A from the sphere center. In sphere = True
13138500,26277.000004435828,-418158.28722178633,298.3540708628195,303.068283187968,1.0292348078413047
13214000,26428.00000446659,-419223.17817108706,295.9491633086185,303.068283187968,1.0292348078413047
13289500,26579.000004497353,-419853.52207532944,294.4444443064504,303.068283187968,1.0292348078413047
Inserting Mol: 9426 at: [3.84389966 3.13875587 3.55834039] nm. 6.030166484313845 A A from the sphere center. In sphere = True
13365000,26730.000004528116,-419893.8351002268,292.4452062361615,303.068283187968,1.0292348078413047
13440500,26881.00000455888,-419590.92867601896,293.7288388583254,303.068283187968,1.0292348078413047
Inserting Mol: 9439 at: [4.53702198 3.36931448 3.51534417] nm. 7.2297012251153445 A A from the sphere center. In sphere = True
13516000,27032.00000458964,-419047.01064465125,294.36886791821263,303.068283187968,1.0292348078413047
Inserting Mol: 9437 at: [3.58626548 3.55970725 3.99021074] nm. 6.485246292601753 A A from the sphere center. In sphere = True
13591500,27183.000004620404,-419136.23362241127,294.68728407074383,303.068283187968,1.0292348078413047
Inserting Mol: 9436 at: [4.44721319 4.00602656 3.45296656] nm. 5.960806364922506 A A from the sphere center. In sphere = True
13667000,27334.000004651167,-418959.8672319476,295.92076919696535,303.068283187968,1.0292348078413047
13742500,27485.00000468193,-419107.4729230951,293.80872560783956,303.068283187968,1.0292348078413047
Inserting Mol: 9439 at: [3.94445524 4.12140762 3.36002116] nm. 4.131586494069812 A A from the sphere center. In sphere = True
13818000,27636.000004712692,-419345.7243835358,294.7328346689357,303.068283187968,1.0292348078413047
Inserting Mol: 9438 at: [3.34464175 4.1522159  3.60220802] nm. 7.550647785965164 A A from the sphere center. In sphere = True
13893500,27787.000004743455,-418044.9833274677,296.85247456826556,303.068283187968,1.0292348078413047
Inserting Mol: 9430 at: [4.08170594 3.67172195 3.50006579] nm. 1.6533260243571433 A A from the sphere center. In sphere = True
13969000,27938.000004774218,-418354.93692867924,298.0708322315839,303.068283187968,1.0292348078413047
Inserting Mol: 9436 at: [4.36311554 3.65356765 4.01324985] nm. 6.970449317090833 A A from the sphere center. In sphere = True
14044500,28089.00000480498,-418250.44692270854,294.86864983873943,303.068283187968,1.0292348078413047
14120000,28240.000004835743,-418506.10409772117,292.43701624403764,303.068283187968,1.0292348078413047
Inserting Mol: 9426 at: [3.45165701 3.74561726 3.50662655] nm. 4.896727181022734 A A from the sphere center. In sphere = True
14195500,28391.000004866506,-419251.83545562346,294.79506272971145,303.068283187968,1.0292348078413047
Inserting Mol: 9428 at: [3.49047176 3.1460216  3.76127193] nm. 7.708921594497977 A A from the sphere center. In sphere = True
14271000,28542.00000489727,-418311.26524330676,296.75109103468156,303.068283187968,1.0292348078413047
Inserting Mol: 9428 at: [3.51169849 4.21960452 3.18240691] nm. 7.253915059153669 A A from the sphere center. In sphere = True
14346500,28693.00000492803,-419299.17004398257,296.71205528789466,303.068283187968,1.0292348078413047
14422000,28844.000004958794,-418289.5196867543,293.26119991761595,303.068283187968,1.0292348078413047
14497500,28995.000004989557,-419869.66453998466,297.50034409602006,303.068283187968,1.0292348078413047
Inserting Mol: 9437 at: [4.07634328 3.41846938 3.41116498] nm. 3.304647104470085 A A from the sphere center. In sphere = True
14573000,29146.00000502032,-419171.20993344067,296.711279977374,303.068283187968,1.0292348078413047
Inserting Mol: 9439 at: [3.94558918 4.41501567 3.65796126] nm. 7.550487945808699 A A from the sphere center. In sphere = True
14648500,29297.000005051083,-419026.02160991495,295.1766259646457,303.068283187968,1.0292348078413047
Inserting Mol: 9441 at: [3.54936545 3.73104378 3.01518477] nm. 5.804363141952195 A A from the sphere center. In sphere = True
14724000,29448.000005081845,-419484.0969113519,295.6811119542417,303.068283187968,1.0292348078413047
Inserting Mol: 9433 at: [3.62432382 3.95482908 3.26842553] nm. 4.533626541684925 A A from the sphere center. In sphere = True
14799500,29599.000005112608,-418934.03495733975,291.1796180393756,303.068283187968,1.0292348078413047
14875000,29750.00000514337,-419394.3159313048,292.71832372784445,303.068283187968,1.0292348078413047
Inserting Mol: 9433 at: [3.67964194 4.08112343 3.96874219] nm. 7.0122089504862135 A A from the sphere center. In sphere = True
Traceback (most recent call last):
  File "/tmp_mnt/filer1/unix/wpoole/scripts_for_paper/T4L99A/Titrations/Benzene/1.7140960320989627/runNCMC_1.7140960320989627.py", line 114, in <module>
    ncmc_mover.n_accepted, ncmc_mover.n_moves, ncmc_mover.N
AttributeError: 'NonequilibriumGCMCSphereSampler' object has no attribute 'n_accepted'
