2024-06-19 15:26:25,530 - INFO: kT = 0.5921868690749678 kcal/mol
2024-06-19 15:26:33,940 - INFO: BaseGrandCanonicalMonteCarloSampler object initialised
2024-06-19 15:26:33,944 - INFO: GCMC sphere is based on reference atom IDs: [1328, 1568]
2024-06-19 15:26:33,944 - INFO: GCMC sphere radius is 8.0 A
2024-06-19 15:26:33,944 - INFO: Simulating at an Adams (B) value of 1.7140960320989627
2024-06-19 15:26:33,944 - INFO: GCMCSphereSampler object initialised
2024-06-19 15:26:33,944 - INFO: Each NCMC move will be executed over a total of 150.0 ps
2024-06-19 15:26:33,944 - INFO: NonequilibriumGCMCSphereSampler object initialised
2024-06-19 15:28:47,815 - INFO: Move rejected due to molecule leaving the GCMC sphere
2024-06-19 15:30:42,516 - INFO: Insertion work = 0.6990729384084232 kcal/mol
2024-06-19 15:32:41,319 - INFO: Deletion work = 4.513559705265274 kcal/mol
2024-06-19 15:34:41,838 - INFO: Move rejected due to molecule leaving the GCMC sphere
2024-06-19 15:36:42,788 - INFO: Move rejected due to molecule leaving the GCMC sphere
2024-06-19 15:38:43,884 - INFO: Move rejected due to molecule leaving the GCMC sphere
2024-06-19 15:40:45,080 - INFO: Move rejected due to molecule leaving the GCMC sphere
2024-06-19 15:42:46,342 - INFO: Insertion work = 1.5319947027120548 kcal/mol
2024-06-19 15:44:47,512 - INFO: Move rejected due to molecule leaving the GCMC sphere
2024-06-19 15:46:48,744 - INFO: Move rejected due to molecule leaving the GCMC sphere
2024-06-19 15:48:49,892 - INFO: Move rejected due to molecule leaving the GCMC sphere
2024-06-19 15:50:51,024 - INFO: Move rejected due to molecule leaving the GCMC sphere
2024-06-19 15:52:52,205 - INFO: Move rejected due to molecule leaving the GCMC sphere
2024-06-19 15:54:53,386 - INFO: Deletion work = 4.204318261637225 kcal/mol
2024-06-19 15:56:54,666 - INFO: Insertion work = 3.994630323478111 kcal/mol
2024-06-19 15:58:55,827 - INFO: Move rejected due to molecule leaving the GCMC sphere
2024-06-19 16:00:57,173 - INFO: Move rejected due to molecule leaving the GCMC sphere
2024-06-19 16:02:58,498 - INFO: Move rejected due to molecule leaving the GCMC sphere
2024-06-19 16:04:59,845 - INFO: Move rejected due to molecule leaving the GCMC sphere
2024-06-19 16:07:01,065 - INFO: Move rejected due to molecule leaving the GCMC sphere
2024-06-19 16:09:02,309 - INFO: Move rejected due to molecule leaving the GCMC sphere
2024-06-19 16:11:03,694 - INFO: Move rejected due to molecule leaving the GCMC sphere
2024-06-19 16:13:05,044 - INFO: Move rejected due to molecule leaving the GCMC sphere
2024-06-19 16:15:06,452 - INFO: Move rejected due to molecule leaving the GCMC sphere
2024-06-19 16:17:07,765 - INFO: Move rejected due to molecule leaving the GCMC sphere
2024-06-19 16:19:09,052 - INFO: Deletion work = 3.9862228624690057 kcal/mol
2024-06-19 16:21:10,435 - INFO: Move rejected due to molecule leaving the GCMC sphere
2024-06-19 16:23:11,790 - INFO: Move rejected due to molecule leaving the GCMC sphere
2024-06-19 16:25:13,065 - INFO: Move rejected due to molecule leaving the GCMC sphere
2024-06-19 16:27:14,321 - INFO: Move rejected due to molecule leaving the GCMC sphere
2024-06-19 16:29:15,676 - INFO: Move rejected due to molecule leaving the GCMC sphere
2024-06-19 16:31:17,022 - INFO: Move rejected due to molecule leaving the GCMC sphere
2024-06-19 16:33:18,356 - INFO: Move rejected due to molecule leaving the GCMC sphere
2024-06-19 16:35:19,790 - INFO: Move rejected due to molecule leaving the GCMC sphere
2024-06-19 16:37:21,244 - INFO: Move rejected due to molecule leaving the GCMC sphere
2024-06-19 16:39:22,620 - INFO: Insertion work = 3.5618994753726727 kcal/mol
2024-06-19 16:41:23,972 - INFO: Move rejected due to molecule leaving the GCMC sphere
2024-06-19 16:43:25,381 - INFO: Move rejected due to molecule leaving the GCMC sphere
2024-06-19 16:45:26,812 - INFO: Move rejected due to molecule leaving the GCMC sphere
2024-06-19 16:47:28,319 - INFO: Deletion work = 4.1025064520677725 kcal/mol
2024-06-19 16:49:29,691 - INFO: Move rejected due to molecule leaving the GCMC sphere
2024-06-19 16:51:31,128 - INFO: Move rejected due to molecule leaving the GCMC sphere
2024-06-19 16:53:32,185 - INFO: Move rejected due to molecule leaving the GCMC sphere
2024-06-19 16:55:33,351 - INFO: Move rejected due to molecule leaving the GCMC sphere
2024-06-19 16:57:34,653 - INFO: Move rejected due to molecule leaving the GCMC sphere
2024-06-19 16:59:36,004 - INFO: Move rejected due to molecule leaving the GCMC sphere
2024-06-19 17:01:37,377 - INFO: Deletion work = 2.5454901541555657 kcal/mol
2024-06-19 17:03:38,804 - INFO: Move rejected due to molecule leaving the GCMC sphere
2024-06-19 17:05:40,210 - INFO: Move rejected due to molecule leaving the GCMC sphere
2024-06-19 17:07:41,665 - INFO: Move rejected due to molecule leaving the GCMC sphere
2024-06-19 17:09:43,119 - INFO: Move rejected due to molecule leaving the GCMC sphere
2024-06-19 17:11:44,529 - INFO: Deletion work = 3.853747422849656 kcal/mol
2024-06-19 17:13:46,045 - INFO: Move rejected due to molecule leaving the GCMC sphere
2024-06-19 17:15:47,491 - INFO: Move rejected due to molecule leaving the GCMC sphere
2024-06-19 17:17:48,809 - INFO: Move rejected due to molecule leaving the GCMC sphere
2024-06-19 17:19:50,226 - INFO: Move rejected due to molecule leaving the GCMC sphere
2024-06-19 17:21:51,698 - INFO: Move rejected due to molecule leaving the GCMC sphere
2024-06-19 17:23:53,188 - INFO: Move rejected due to molecule leaving the GCMC sphere
2024-06-19 17:25:53,994 - INFO: Move rejected due to molecule leaving the GCMC sphere
2024-06-19 17:27:54,942 - INFO: Move rejected due to molecule leaving the GCMC sphere
2024-06-19 17:29:56,112 - INFO: Insertion work = -0.09175024315203842 kcal/mol
2024-06-19 17:31:57,293 - INFO: Move rejected due to molecule leaving the GCMC sphere
2024-06-19 17:33:58,601 - INFO: Move rejected due to molecule leaving the GCMC sphere
2024-06-19 17:35:59,918 - INFO: Move rejected due to molecule leaving the GCMC sphere
2024-06-19 17:38:01,257 - INFO: Move rejected due to molecule leaving the GCMC sphere
2024-06-19 17:40:02,505 - INFO: Move rejected due to molecule leaving the GCMC sphere
2024-06-19 17:42:03,718 - INFO: Move rejected due to molecule leaving the GCMC sphere
2024-06-19 17:44:05,010 - INFO: Move rejected due to molecule leaving the GCMC sphere
2024-06-19 17:46:06,283 - INFO: Move rejected due to molecule leaving the GCMC sphere
2024-06-19 17:48:07,562 - INFO: Move rejected due to molecule leaving the GCMC sphere
2024-06-19 17:50:08,877 - INFO: Move rejected due to molecule leaving the GCMC sphere
2024-06-19 17:52:10,206 - INFO: Insertion work = 0.8297293416017811 kcal/mol
2024-06-19 17:54:11,523 - INFO: Move rejected due to molecule leaving the GCMC sphere
2024-06-19 17:56:12,724 - INFO: Move rejected due to molecule leaving the GCMC sphere
2024-06-19 17:58:14,132 - INFO: Move rejected due to molecule leaving the GCMC sphere
2024-06-19 18:00:15,514 - INFO: Move rejected due to molecule leaving the GCMC sphere
2024-06-19 18:02:16,886 - INFO: Move rejected due to molecule leaving the GCMC sphere
2024-06-19 18:04:18,219 - INFO: Move rejected due to molecule leaving the GCMC sphere
2024-06-19 18:06:19,664 - INFO: Move rejected due to molecule leaving the GCMC sphere
2024-06-19 18:08:21,100 - INFO: Move rejected due to molecule leaving the GCMC sphere
2024-06-19 18:10:22,565 - INFO: Move rejected due to molecule leaving the GCMC sphere
2024-06-19 18:12:24,073 - INFO: Move rejected due to molecule leaving the GCMC sphere
2024-06-19 18:14:25,491 - INFO: Move rejected due to molecule leaving the GCMC sphere
2024-06-19 18:16:26,942 - INFO: Move rejected due to molecule leaving the GCMC sphere
2024-06-19 18:18:28,489 - INFO: Move rejected due to molecule leaving the GCMC sphere
2024-06-19 18:20:29,893 - INFO: Move rejected due to molecule leaving the GCMC sphere
2024-06-19 18:22:31,501 - INFO: Move rejected due to molecule leaving the GCMC sphere
2024-06-19 18:24:32,983 - INFO: Move rejected due to molecule leaving the GCMC sphere
2024-06-19 18:26:34,467 - INFO: Move rejected due to molecule leaving the GCMC sphere
2024-06-19 18:28:35,895 - INFO: Move rejected due to molecule leaving the GCMC sphere
2024-06-19 18:30:37,458 - INFO: Move rejected due to molecule leaving the GCMC sphere
2024-06-19 18:32:38,954 - INFO: Move rejected due to molecule leaving the GCMC sphere
2024-06-19 18:34:40,423 - INFO: Move rejected due to molecule leaving the GCMC sphere
2024-06-19 18:36:41,825 - INFO: Move rejected due to molecule leaving the GCMC sphere
2024-06-19 18:38:43,243 - INFO: Move rejected due to molecule leaving the GCMC sphere
2024-06-19 18:40:44,598 - INFO: Move rejected due to molecule leaving the GCMC sphere
2024-06-19 18:42:45,922 - INFO: Move rejected due to molecule leaving the GCMC sphere
2024-06-19 18:44:47,227 - INFO: Deletion work = 1.3203163125755277 kcal/mol
2024-06-19 18:46:48,650 - INFO: Deletion work = 4.421923232993135 kcal/mol
2024-06-19 18:48:50,151 - INFO: Move rejected due to molecule leaving the GCMC sphere
2024-06-19 18:50:51,721 - INFO: Move rejected due to molecule leaving the GCMC sphere
2024-06-19 18:52:53,300 - INFO: Move rejected due to molecule leaving the GCMC sphere
2024-06-19 18:54:54,838 - INFO: Move rejected due to molecule leaving the GCMC sphere
2024-06-19 18:56:56,309 - INFO: Move rejected due to molecule leaving the GCMC sphere
2024-06-19 18:58:57,760 - INFO: Move rejected due to molecule leaving the GCMC sphere
2024-06-19 19:00:59,149 - INFO: Move rejected due to molecule leaving the GCMC sphere
2024-06-19 19:03:00,522 - INFO: Move rejected due to molecule leaving the GCMC sphere
2024-06-19 19:05:01,903 - INFO: Move rejected due to molecule leaving the GCMC sphere
2024-06-19 19:07:03,269 - INFO: Move rejected due to molecule leaving the GCMC sphere
2024-06-19 19:09:04,735 - INFO: Move rejected due to molecule leaving the GCMC sphere
2024-06-19 19:11:06,183 - INFO: Move rejected due to molecule leaving the GCMC sphere
2024-06-19 19:13:07,442 - INFO: Move rejected due to molecule leaving the GCMC sphere
2024-06-19 19:15:08,809 - INFO: Move rejected due to molecule leaving the GCMC sphere
2024-06-19 19:17:10,116 - INFO: Move rejected due to molecule leaving the GCMC sphere
2024-06-19 19:19:11,491 - INFO: Move rejected due to molecule leaving the GCMC sphere
2024-06-19 19:21:12,838 - INFO: Deletion work = 4.420438832910564 kcal/mol
2024-06-19 19:23:14,116 - INFO: Move rejected due to molecule leaving the GCMC sphere
2024-06-19 19:25:15,396 - INFO: Move rejected due to molecule leaving the GCMC sphere
2024-06-19 19:27:16,582 - INFO: Move rejected due to molecule leaving the GCMC sphere
2024-06-19 19:29:17,986 - INFO: Move rejected due to molecule leaving the GCMC sphere
2024-06-19 19:31:19,346 - INFO: Move rejected due to molecule leaving the GCMC sphere
2024-06-19 19:33:20,577 - INFO: Move rejected due to molecule leaving the GCMC sphere
2024-06-19 19:35:21,953 - INFO: Move rejected due to molecule leaving the GCMC sphere
2024-06-19 19:37:23,249 - INFO: Deletion work = 4.836523887923034 kcal/mol
2024-06-19 19:39:24,511 - INFO: Move rejected due to molecule leaving the GCMC sphere
2024-06-19 19:41:25,822 - INFO: Move rejected due to molecule leaving the GCMC sphere
2024-06-19 19:43:27,131 - INFO: Move rejected due to molecule leaving the GCMC sphere
2024-06-19 19:45:28,512 - INFO: Deletion work = 1.6488175441080895 kcal/mol
2024-06-19 19:47:29,789 - INFO: Move rejected due to molecule leaving the GCMC sphere
2024-06-19 19:49:31,022 - INFO: Deletion work = 5.909071824545429 kcal/mol
2024-06-19 19:51:32,316 - INFO: Move rejected due to molecule leaving the GCMC sphere
2024-06-19 19:53:33,653 - INFO: Move rejected due to molecule leaving the GCMC sphere
2024-06-19 19:55:34,881 - INFO: Move rejected due to molecule leaving the GCMC sphere
2024-06-19 19:57:36,113 - INFO: Move rejected due to molecule leaving the GCMC sphere
2024-06-19 19:59:37,353 - INFO: Move rejected due to molecule leaving the GCMC sphere
2024-06-19 20:01:38,633 - INFO: Deletion work = 1.464161000625866 kcal/mol
2024-06-19 20:03:39,937 - INFO: Move rejected due to molecule leaving the GCMC sphere
2024-06-19 20:05:41,228 - INFO: Move rejected due to molecule leaving the GCMC sphere
2024-06-19 20:07:42,506 - INFO: Move rejected due to molecule leaving the GCMC sphere
2024-06-19 20:09:43,871 - INFO: Move rejected due to molecule leaving the GCMC sphere
2024-06-19 20:11:45,133 - INFO: Move rejected due to molecule leaving the GCMC sphere
2024-06-19 20:13:46,418 - INFO: Move rejected due to molecule leaving the GCMC sphere
2024-06-19 20:15:47,560 - INFO: Move rejected due to molecule leaving the GCMC sphere
2024-06-19 20:17:48,721 - INFO: Move rejected due to molecule leaving the GCMC sphere
2024-06-19 20:19:49,961 - INFO: Move rejected due to molecule leaving the GCMC sphere
2024-06-19 20:21:51,180 - INFO: Move rejected due to molecule leaving the GCMC sphere
2024-06-19 20:23:52,284 - INFO: Move rejected due to molecule leaving the GCMC sphere
2024-06-19 20:25:53,462 - INFO: Move rejected due to molecule leaving the GCMC sphere
2024-06-19 20:27:54,726 - INFO: Move rejected due to molecule leaving the GCMC sphere
2024-06-19 20:29:55,813 - INFO: Move rejected due to molecule leaving the GCMC sphere
2024-06-19 20:31:57,050 - INFO: Move rejected due to molecule leaving the GCMC sphere
2024-06-19 20:33:58,239 - INFO: Move rejected due to molecule leaving the GCMC sphere
2024-06-19 20:35:59,453 - INFO: Move rejected due to molecule leaving the GCMC sphere
2024-06-19 20:38:00,704 - INFO: Move rejected due to molecule leaving the GCMC sphere
2024-06-19 20:40:01,918 - INFO: Move rejected due to molecule leaving the GCMC sphere
2024-06-19 20:42:03,162 - INFO: Move rejected due to molecule leaving the GCMC sphere
2024-06-19 20:44:04,203 - INFO: Move rejected due to molecule leaving the GCMC sphere
2024-06-19 20:46:05,255 - INFO: Move rejected due to molecule leaving the GCMC sphere
2024-06-19 20:48:06,327 - INFO: Move rejected due to molecule leaving the GCMC sphere
2024-06-19 20:50:07,523 - INFO: Move rejected due to molecule leaving the GCMC sphere
2024-06-19 20:52:08,589 - INFO: Move rejected due to molecule leaving the GCMC sphere
2024-06-19 20:54:09,711 - INFO: Move rejected due to molecule leaving the GCMC sphere
2024-06-19 20:56:10,774 - INFO: Move rejected due to molecule leaving the GCMC sphere
2024-06-19 20:58:11,956 - INFO: Move rejected due to molecule leaving the GCMC sphere
2024-06-19 21:00:13,078 - INFO: Move rejected due to molecule leaving the GCMC sphere
2024-06-19 21:02:14,356 - INFO: Move rejected due to molecule leaving the GCMC sphere
2024-06-19 21:04:15,684 - INFO: Move rejected due to molecule leaving the GCMC sphere
2024-06-19 21:06:16,936 - INFO: Move rejected due to molecule leaving the GCMC sphere
2024-06-19 21:08:18,220 - INFO: Move rejected due to molecule leaving the GCMC sphere
2024-06-19 21:10:19,612 - INFO: Deletion work = 6.395384852440997 kcal/mol
2024-06-19 21:12:20,957 - INFO: Move rejected due to molecule leaving the GCMC sphere
2024-06-19 21:14:22,326 - INFO: Move rejected due to molecule leaving the GCMC sphere
2024-06-19 21:16:23,606 - INFO: Move rejected due to molecule leaving the GCMC sphere
2024-06-19 21:18:24,196 - INFO: Move rejected due to molecule leaving the GCMC sphere
2024-06-19 21:20:24,271 - INFO: Move rejected due to molecule leaving the GCMC sphere
2024-06-19 21:22:24,004 - INFO: Deletion work = 1.781406785046724 kcal/mol
2024-06-19 21:24:23,689 - INFO: Move rejected due to molecule leaving the GCMC sphere
2024-06-19 21:26:23,233 - INFO: Move rejected due to molecule leaving the GCMC sphere
2024-06-19 21:28:23,104 - INFO: Move rejected due to molecule leaving the GCMC sphere
2024-06-19 21:30:23,078 - INFO: Move rejected due to molecule leaving the GCMC sphere
2024-06-19 21:32:22,866 - INFO: Move rejected due to molecule leaving the GCMC sphere
2024-06-19 21:34:22,516 - INFO: Deletion work = 5.519775480760282 kcal/mol
2024-06-19 21:36:22,441 - INFO: Move rejected due to molecule leaving the GCMC sphere
2024-06-19 21:38:22,227 - INFO: Insertion work = 6.92397806547265 kcal/mol
2024-06-19 21:40:22,149 - INFO: Move rejected due to molecule leaving the GCMC sphere
2024-06-19 21:42:22,093 - INFO: Move rejected due to molecule leaving the GCMC sphere
2024-06-19 21:44:22,090 - INFO: Move rejected due to molecule leaving the GCMC sphere
2024-06-19 21:46:22,031 - INFO: Move rejected due to molecule leaving the GCMC sphere
2024-06-19 21:48:21,842 - INFO: Move rejected due to molecule leaving the GCMC sphere
2024-06-19 21:50:21,793 - INFO: Move rejected due to molecule leaving the GCMC sphere
2024-06-19 21:52:21,743 - INFO: Move rejected due to molecule leaving the GCMC sphere
2024-06-19 21:54:21,782 - INFO: Move rejected due to molecule leaving the GCMC sphere
2024-06-19 21:56:21,923 - INFO: Move rejected due to molecule leaving the GCMC sphere
2024-06-19 21:58:21,960 - INFO: Move rejected due to molecule leaving the GCMC sphere
2024-06-19 22:00:22,006 - INFO: Move rejected due to molecule leaving the GCMC sphere
2024-06-19 22:02:22,200 - INFO: Move rejected due to molecule leaving the GCMC sphere
2024-06-19 22:04:22,213 - INFO: Deletion work = 4.446428235258312 kcal/mol
2024-06-19 22:06:22,208 - INFO: Move rejected due to molecule leaving the GCMC sphere
